19400101 2
Tue Nov 07 11:48:33 CET 2017 :  2 19400101 f05_1AGCM  - start
Tue Nov 07 11:48:50 CET 2017 :  2 19400101 f05_1AGCM  - start
Tue Nov 07 12:21:13 CET 2017 :  2 19410101 f05_1AGCM  - done
Tue Nov 07 12:21:13 CET 2017 :  3 19410101 f05_1AGCM  - start
Tue Nov 07 12:53:24 CET 2017 :  3 19420101 f05_1AGCM  - done
Tue Nov 07 12:53:26 CET 2017 :  4 19420101 f05_1AGCM  - start
Tue Nov 07 13:25:26 CET 2017 :  4 19430101 f05_1AGCM  - done
Tue Nov 07 13:25:27 CET 2017 :  5 19430101 f05_1AGCM  - start
Tue Nov 07 13:57:41 CET 2017 :  5 19440101 f05_1AGCM  - done
Tue Nov 07 16:49:37 CET 2017 :  6 19440101 f05_1AGCM  - start
Tue Nov 07 17:21:56 CET 2017 :  6 19450101 f05_1AGCM  - done
Tue Nov 07 17:21:58 CET 2017 :  7 19450101 f05_1AGCM  - start
Tue Nov 07 17:55:36 CET 2017 :  7 19460101 f05_1AGCM  - done
Tue Nov 07 17:55:37 CET 2017 :  8 19460101 f05_1AGCM  - start
Tue Nov 07 18:27:56 CET 2017 :  8 19470101 f05_1AGCM  - done
Tue Nov 07 18:27:57 CET 2017 :  9 19470101 f05_1AGCM  - start
Tue Nov 07 19:01:38 CET 2017 :  9 19480101 f05_1AGCM  - done
Tue Nov 07 19:01:39 CET 2017 :  10 19480101 f05_1AGCM  - start
Tue Nov 07 19:33:56 CET 2017 :  10 19490101 f05_1AGCM  - done
Tue Nov 07 19:33:57 CET 2017 :  11 19490101 f05_1AGCM  - start
Tue Nov 07 20:06:05 CET 2017 :  11 19500101 f05_1AGCM  - done
Tue Nov 07 20:06:06 CET 2017 :  12 19500101 f05_1AGCM  - start
Tue Nov 07 20:38:14 CET 2017 :  12 19510101 f05_1AGCM  - done
Tue Nov 07 20:38:14 CET 2017 :  13 19510101 f05_1AGCM  - start
Tue Nov 07 21:10:29 CET 2017 :  13 19520101 f05_1AGCM  - done
Tue Nov 07 21:10:29 CET 2017 :  14 19520101 f05_1AGCM  - start
Tue Nov 07 21:42:53 CET 2017 :  14 19530101 f05_1AGCM  - done
Tue Nov 07 21:42:54 CET 2017 :  15 19530101 f05_1AGCM  - start
Tue Nov 07 22:21:57 CET 2017 :  15 19530101 f05_1AGCM  - start
Tue Nov 07 22:54:21 CET 2017 :  15 19540101 f05_1AGCM  - done
Tue Nov 07 22:54:22 CET 2017 :  16 19540101 f05_1AGCM  - start
Tue Nov 07 23:26:46 CET 2017 :  16 19550101 f05_1AGCM  - done
Tue Nov 07 23:26:47 CET 2017 :  17 19550101 f05_1AGCM  - start
Tue Nov 07 23:59:03 CET 2017 :  17 19560101 f05_1AGCM  - done
Tue Nov 07 23:59:05 CET 2017 :  18 19560101 f05_1AGCM  - start
Wed Nov 08 00:31:19 CET 2017 :  18 19570101 f05_1AGCM  - done
Wed Nov 08 00:31:20 CET 2017 :  19 19570101 f05_1AGCM  - start
Wed Nov 08 01:03:37 CET 2017 :  19 19580101 f05_1AGCM  - done
Wed Nov 08 01:03:38 CET 2017 :  20 19580101 f05_1AGCM  - start
Wed Nov 08 01:35:56 CET 2017 :  20 19590101 f05_1AGCM  - done
Wed Nov 08 01:35:57 CET 2017 :  21 19590101 f05_1AGCM  - start
Wed Nov 08 09:45:08 CET 2017 :  21 19590101 f05_1AGCM  - start
Wed Nov 08 10:13:07 CET 2017 :  21 19590101 f05_1AGCM  - start
Wed Nov 08 10:45:14 CET 2017 :  21 19600101 f05_1AGCM  - done
Wed Nov 08 10:45:15 CET 2017 :  22 19600101 f05_1AGCM  - start
Wed Nov 08 11:17:29 CET 2017 :  22 19610101 f05_1AGCM  - done
Wed Nov 08 11:17:30 CET 2017 :  23 19610101 f05_1AGCM  - start
Wed Nov 08 11:49:44 CET 2017 :  23 19620101 f05_1AGCM  - done
Wed Nov 08 11:49:45 CET 2017 :  24 19620101 f05_1AGCM  - start
Wed Nov 08 12:21:55 CET 2017 :  24 19630101 f05_1AGCM  - done
Wed Nov 08 12:21:56 CET 2017 :  25 19630101 f05_1AGCM  - start
Wed Nov 08 12:54:14 CET 2017 :  25 19640101 f05_1AGCM  - done
Wed Nov 08 12:54:15 CET 2017 :  26 19640101 f05_1AGCM  - start
Wed Nov 08 13:26:54 CET 2017 :  26 19650101 f05_1AGCM  - done
Wed Nov 08 13:26:55 CET 2017 :  27 19650101 f05_1AGCM  - start
Wed Nov 08 13:59:03 CET 2017 :  27 19660101 f05_1AGCM  - done
Wed Nov 08 13:59:05 CET 2017 :  28 19660101 f05_1AGCM  - start
Wed Nov 08 14:31:25 CET 2017 :  28 19670101 f05_1AGCM  - done
Wed Nov 08 14:36:41 CET 2017 :  29 19670101 f05_1AGCM  - start
Wed Nov 08 15:09:13 CET 2017 :  29 19680101 f05_1AGCM  - done
Wed Nov 08 15:09:15 CET 2017 :  30 19680101 f05_1AGCM  - start
Wed Nov 08 15:41:35 CET 2017 :  30 19690101 f05_1AGCM  - done
Thu Nov 09 14:36:36 CET 2017 :  31 19690101 f05_1AGCM  - start
Thu Nov 09 15:08:51 CET 2017 :  31 19700101 f05_1AGCM  - done
Thu Nov 09 15:08:53 CET 2017 :  32 19700101 f05_1AGCM  - start
Thu Nov 09 15:42:48 CET 2017 :  32 19710101 f05_1AGCM  - done
Thu Nov 09 15:42:50 CET 2017 :  33 19710101 f05_1AGCM  - start
Thu Nov 09 16:15:13 CET 2017 :  33 19720101 f05_1AGCM  - done
Thu Nov 09 16:15:13 CET 2017 :  34 19720101 f05_1AGCM  - start
Thu Nov 09 16:47:46 CET 2017 :  34 19730101 f05_1AGCM  - done
Thu Nov 09 16:47:48 CET 2017 :  35 19730101 f05_1AGCM  - start
Thu Nov 09 17:20:02 CET 2017 :  35 19740101 f05_1AGCM  - done
Thu Nov 09 17:20:03 CET 2017 :  36 19740101 f05_1AGCM  - start
Thu Nov 09 17:52:28 CET 2017 :  36 19750101 f05_1AGCM  - done
Thu Nov 09 17:56:13 CET 2017 :  37 19750101 f05_1AGCM  - start
Thu Nov 09 19:13:28 CET 2017 :  37 19750101 f05_1AGCM  - start
Thu Nov 09 19:46:02 CET 2017 :  37 19760101 f05_1AGCM  - done
Fri Nov 10 09:20:54 CET 2017 :  38 19760101 f05_1AGCM  - start
Fri Nov 10 09:53:44 CET 2017 :  38 19770101 f05_1AGCM  - done
Fri Nov 10 10:15:03 CET 2017 :  39 19770101 f05_1AGCM  - start
Fri Nov 10 10:17:46 CET 2017 :  39 19770101 f05_1AGCM  - start
Fri Nov 10 10:18:09 CET 2017 :  39 19770101 f05_1AGCM  - start
Fri Nov 10 10:50:33 CET 2017 :  39 19780101 f05_1AGCM  - done
Fri Nov 10 10:50:34 CET 2017 :  40 19780101 f05_1AGCM  - start
Fri Nov 10 11:23:09 CET 2017 :  40 19790101 f05_1AGCM  - done
Fri Nov 10 11:23:10 CET 2017 :  41 19790101 f05_1AGCM  - start
Fri Nov 10 11:55:44 CET 2017 :  41 19800101 f05_1AGCM  - done
Fri Nov 10 11:55:46 CET 2017 :  42 19800101 f05_1AGCM  - start
Fri Nov 10 15:18:03 CET 2017 :  42 19800101 f05_1AGCM  - start
Fri Nov 10 15:50:44 CET 2017 :  42 19810101 f05_1AGCM  - done
Fri Nov 10 15:50:46 CET 2017 :  43 19810101 f05_1AGCM  - start
Fri Nov 10 16:23:59 CET 2017 :  43 19820101 f05_1AGCM  - done
Fri Nov 10 16:24:01 CET 2017 :  44 19820101 f05_1AGCM  - start
Fri Nov 10 16:56:27 CET 2017 :  44 19830101 f05_1AGCM  - done
Fri Nov 10 16:56:29 CET 2017 :  45 19830101 f05_1AGCM  - start
Fri Nov 10 17:29:04 CET 2017 :  45 19840101 f05_1AGCM  - done
Fri Nov 10 17:37:13 CET 2017 :  46 19840101 f05_1AGCM  - start
Fri Nov 10 17:37:16 CET 2017 :  46 19840101 f05_1AGCM  - start
Fri Nov 10 17:37:59 CET 2017 :  46 19840101 f05_1AGCM  - start
Fri Nov 10 17:38:02 CET 2017 :  46 19840101 f05_1AGCM  - start
Fri Nov 10 17:38:02 CET 2017 :  46 19840101 f05_1AGCM  - start
Fri Nov 10 17:42:32 CET 2017 :  46 19840101 f05_1AGCM  - start
Fri Nov 10 18:15:12 CET 2017 :  46 19850101 f05_1AGCM  - done
Fri Nov 10 18:15:44 CET 2017 :  47 19850101 f05_1AGCM  - start
Fri Nov 10 18:48:12 CET 2017 :  47 19860101 f05_1AGCM  - done
Fri Nov 10 18:48:44 CET 2017 :  48 19860101 f05_1AGCM  - start
Fri Nov 10 19:21:34 CET 2017 :  48 19870101 f05_1AGCM  - done
Fri Nov 10 19:22:05 CET 2017 :  49 19870101 f05_1AGCM  - start
Fri Nov 10 19:54:33 CET 2017 :  49 19880101 f05_1AGCM  - done
Fri Nov 10 19:55:05 CET 2017 :  50 19880101 f05_1AGCM  - start
Fri Nov 10 20:27:33 CET 2017 :  50 19890101 f05_1AGCM  - done
Fri Nov 10 20:28:05 CET 2017 :  51 19890101 f05_1AGCM  - start
Fri Nov 10 21:00:27 CET 2017 :  51 19900101 f05_1AGCM  - done
Fri Nov 10 21:00:58 CET 2017 :  52 19900101 f05_1AGCM  - start
Fri Nov 10 21:33:24 CET 2017 :  52 19910101 f05_1AGCM  - done
Fri Nov 10 21:33:56 CET 2017 :  53 19910101 f05_1AGCM  - start
Fri Nov 10 22:06:17 CET 2017 :  53 19920101 f05_1AGCM  - done
Fri Nov 10 22:06:48 CET 2017 :  54 19920101 f05_1AGCM  - start
Fri Nov 10 22:39:19 CET 2017 :  54 19930101 f05_1AGCM  - done
Fri Nov 10 22:39:50 CET 2017 :  55 19930101 f05_1AGCM  - start
Fri Nov 10 23:12:16 CET 2017 :  55 19940101 f05_1AGCM  - done
Fri Nov 10 23:12:49 CET 2017 :  56 19940101 f05_1AGCM  - start
Fri Nov 10 23:45:37 CET 2017 :  56 19950101 f05_1AGCM  - done
Fri Nov 10 23:46:09 CET 2017 :  57 19950101 f05_1AGCM  - start
Sat Nov 11 00:18:48 CET 2017 :  57 19960101 f05_1AGCM  - done
Sat Nov 11 00:19:20 CET 2017 :  58 19960101 f05_1AGCM  - start
Sat Nov 11 00:51:49 CET 2017 :  58 19970101 f05_1AGCM  - done
Sat Nov 11 00:52:21 CET 2017 :  59 19970101 f05_1AGCM  - start
Sat Nov 11 01:24:48 CET 2017 :  59 19980101 f05_1AGCM  - done
Sat Nov 11 01:25:20 CET 2017 :  60 19980101 f05_1AGCM  - start
Sat Nov 11 01:58:00 CET 2017 :  60 19990101 f05_1AGCM  - done
Sat Nov 11 01:58:31 CET 2017 :  61 19990101 f05_1AGCM  - start
Sat Nov 11 02:31:01 CET 2017 :  61 20000101 f05_1AGCM  - done
Sat Nov 11 02:31:33 CET 2017 :  62 20000101 f05_1AGCM  - start
Sat Nov 11 03:04:12 CET 2017 :  62 20010101 f05_1AGCM  - done
Sat Nov 11 03:04:43 CET 2017 :  63 20010101 f05_1AGCM  - start
Sat Nov 11 03:37:14 CET 2017 :  63 20020101 f05_1AGCM  - done
Sat Nov 11 03:37:45 CET 2017 :  64 20020101 f05_1AGCM  - start
Sat Nov 11 04:10:14 CET 2017 :  64 20030101 f05_1AGCM  - done
Sat Nov 11 04:10:46 CET 2017 :  65 20030101 f05_1AGCM  - start
Sat Nov 11 04:43:14 CET 2017 :  65 20040101 f05_1AGCM  - done
Sat Nov 11 04:43:45 CET 2017 :  66 20040101 f05_1AGCM  - start
Sat Nov 11 05:16:17 CET 2017 :  66 20050101 f05_1AGCM  - done
Sat Nov 11 05:16:48 CET 2017 :  67 20050101 f05_1AGCM  - start
Sat Nov 11 05:49:26 CET 2017 :  67 20060101 f05_1AGCM  - done
Sat Nov 11 05:49:58 CET 2017 :  68 20060101 f05_1AGCM  - start
Sat Nov 11 06:22:26 CET 2017 :  68 20070101 f05_1AGCM  - done
Sat Nov 11 06:22:57 CET 2017 :  69 20070101 f05_1AGCM  - start
Sat Nov 11 06:55:23 CET 2017 :  69 20080101 f05_1AGCM  - done
Sat Nov 11 06:55:54 CET 2017 :  70 20080101 f05_1AGCM  - start
Sat Nov 11 07:28:29 CET 2017 :  70 20090101 f05_1AGCM  - done
Sat Nov 11 07:29:01 CET 2017 :  71 20090101 f05_1AGCM  - start
Sat Nov 11 08:01:26 CET 2017 :  71 20100101 f05_1AGCM  - done
Sat Nov 11 08:01:58 CET 2017 :  72 20100101 f05_1AGCM  - start
Sat Nov 11 08:34:26 CET 2017 :  72 20110101 f05_1AGCM  - done
Sat Nov 11 08:34:58 CET 2017 :  73 20110101 f05_1AGCM  - start
Sat Nov 11 09:07:27 CET 2017 :  73 20120101 f05_1AGCM  - done
Sat Nov 11 09:07:58 CET 2017 :  74 20120101 f05_1AGCM  - start
Sat Nov 11 09:40:29 CET 2017 :  74 20130101 f05_1AGCM  - done
Sat Nov 11 09:41:00 CET 2017 :  75 20130101 f05_1AGCM  - start
Sat Nov 11 10:13:29 CET 2017 :  75 20140101 f05_1AGCM  - done
Sat Nov 11 10:14:01 CET 2017 :  76 20140101 f05_1AGCM  - start
Sat Nov 11 10:46:35 CET 2017 :  76 20150101 f05_1AGCM  - done
Sat Nov 11 10:47:07 CET 2017 :  77 20150101 f05_1AGCM  - start
Sat Nov 11 11:19:35 CET 2017 :  77 20160101 f05_1AGCM  - done
Sat Nov 11 11:20:06 CET 2017 :  78 20160101 f05_1AGCM  - start
Sat Nov 11 11:52:37 CET 2017 :  78 20170101 f05_1AGCM  - done
Sat Nov 11 11:53:07 CET 2017 :  79 20170101 f05_1AGCM  - start
Sat Nov 11 12:25:33 CET 2017 :  79 20180101 f05_1AGCM  - done
Sat Nov 11 12:26:05 CET 2017 :  80 20180101 f05_1AGCM  - start
Sat Nov 11 12:58:29 CET 2017 :  80 20190101 f05_1AGCM  - done
Sat Nov 11 12:59:00 CET 2017 :  81 20190101 f05_1AGCM  - start
Sat Nov 11 13:31:29 CET 2017 :  81 20200101 f05_1AGCM  - done
Sat Nov 11 13:32:00 CET 2017 :  82 20200101 f05_1AGCM  - start
Sat Nov 11 14:04:31 CET 2017 :  82 20210101 f05_1AGCM  - done
Sat Nov 11 14:05:02 CET 2017 :  83 20210101 f05_1AGCM  - start
Sat Nov 11 14:37:21 CET 2017 :  83 20220101 f05_1AGCM  - done
Sat Nov 11 14:37:53 CET 2017 :  84 20220101 f05_1AGCM  - start
Sat Nov 11 15:10:13 CET 2017 :  84 20230101 f05_1AGCM  - done
Sat Nov 11 15:10:45 CET 2017 :  85 20230101 f05_1AGCM  - start
Sat Nov 11 15:43:03 CET 2017 :  85 20240101 f05_1AGCM  - done
Sat Nov 11 15:43:35 CET 2017 :  86 20240101 f05_1AGCM  - start
Sat Nov 11 16:16:14 CET 2017 :  86 20250101 f05_1AGCM  - done
Sat Nov 11 16:16:45 CET 2017 :  87 20250101 f05_1AGCM  - start
Sat Nov 11 16:49:23 CET 2017 :  87 20260101 f05_1AGCM  - done
Sat Nov 11 16:49:54 CET 2017 :  88 20260101 f05_1AGCM  - start
Sat Nov 11 17:22:27 CET 2017 :  88 20270101 f05_1AGCM  - done
Sat Nov 11 17:22:59 CET 2017 :  89 20270101 f05_1AGCM  - start
Sat Nov 11 17:55:25 CET 2017 :  89 20280101 f05_1AGCM  - done
Sat Nov 11 17:55:57 CET 2017 :  90 20280101 f05_1AGCM  - start
Sat Nov 11 18:28:29 CET 2017 :  90 20290101 f05_1AGCM  - done
Sat Nov 11 18:29:00 CET 2017 :  91 20290101 f05_1AGCM  - start
Sat Nov 11 19:01:25 CET 2017 :  91 20300101 f05_1AGCM  - done
Sat Nov 11 19:02:30 CET 2017 :  92 20300101 f05_1AGCM  - start
Sat Nov 11 19:35:03 CET 2017 :  92 20310101 f05_1AGCM  - done
Sat Nov 11 19:35:35 CET 2017 :  93 20310101 f05_1AGCM  - start
Sat Nov 11 20:07:59 CET 2017 :  93 20320101 f05_1AGCM  - done
Sat Nov 11 20:08:31 CET 2017 :  94 20320101 f05_1AGCM  - start
Sat Nov 11 20:41:02 CET 2017 :  94 20330101 f05_1AGCM  - done
Sat Nov 11 20:41:33 CET 2017 :  95 20330101 f05_1AGCM  - start
Sat Nov 11 21:14:03 CET 2017 :  95 20340101 f05_1AGCM  - done
Sat Nov 11 21:14:34 CET 2017 :  96 20340101 f05_1AGCM  - start
Sat Nov 11 21:47:04 CET 2017 :  96 20350101 f05_1AGCM  - done
Sat Nov 11 21:47:35 CET 2017 :  97 20350101 f05_1AGCM  - start
Sat Nov 11 22:20:04 CET 2017 :  97 20360101 f05_1AGCM  - done
Sat Nov 11 22:20:36 CET 2017 :  98 20360101 f05_1AGCM  - start
Sat Nov 11 22:53:13 CET 2017 :  98 20370101 f05_1AGCM  - done
Sat Nov 11 22:53:45 CET 2017 :  99 20370101 f05_1AGCM  - start
Sat Nov 11 23:26:10 CET 2017 :  99 20380101 f05_1AGCM  - done
Sat Nov 11 23:26:42 CET 2017 :  100 20380101 f05_1AGCM  - start
Sat Nov 11 23:59:15 CET 2017 :  100 20390101 f05_1AGCM  - done
Sat Nov 11 23:59:46 CET 2017 :  101 20390101 f05_1AGCM  - start
Sun Nov 12 00:32:12 CET 2017 :  101 20400101 f05_1AGCM  - done
Sun Nov 12 00:32:44 CET 2017 :  102 20400101 f05_1AGCM  - start
Sun Nov 12 01:05:04 CET 2017 :  102 20410101 f05_1AGCM  - done
Sun Nov 12 01:05:35 CET 2017 :  103 20410101 f05_1AGCM  - start
Sun Nov 12 01:37:55 CET 2017 :  103 20420101 f05_1AGCM  - done
Sun Nov 12 01:38:26 CET 2017 :  104 20420101 f05_1AGCM  - start
Sun Nov 12 02:10:44 CET 2017 :  104 20430101 f05_1AGCM  - done
Sun Nov 12 02:11:15 CET 2017 :  105 20430101 f05_1AGCM  - start
Sun Nov 12 02:43:41 CET 2017 :  105 20440101 f05_1AGCM  - done
Sun Nov 12 02:44:12 CET 2017 :  106 20440101 f05_1AGCM  - start
Sun Nov 12 03:16:38 CET 2017 :  106 20450101 f05_1AGCM  - done
Sun Nov 12 03:17:10 CET 2017 :  107 20450101 f05_1AGCM  - start
Sun Nov 12 03:49:41 CET 2017 :  107 20460101 f05_1AGCM  - done
Sun Nov 12 03:50:13 CET 2017 :  108 20460101 f05_1AGCM  - start
Sun Nov 12 04:22:42 CET 2017 :  108 20470101 f05_1AGCM  - done
Sun Nov 12 04:23:13 CET 2017 :  109 20470101 f05_1AGCM  - start
Sun Nov 12 04:55:42 CET 2017 :  109 20480101 f05_1AGCM  - done
Sun Nov 12 04:56:13 CET 2017 :  110 20480101 f05_1AGCM  - start
Sun Nov 12 05:28:52 CET 2017 :  110 20490101 f05_1AGCM  - done
Sun Nov 12 05:29:23 CET 2017 :  111 20490101 f05_1AGCM  - start
Sun Nov 12 06:01:50 CET 2017 :  111 20500101 f05_1AGCM  - done
Sun Nov 12 06:02:21 CET 2017 :  112 20500101 f05_1AGCM  - start
Sun Nov 12 06:34:54 CET 2017 :  112 20510101 f05_1AGCM  - done
Sun Nov 12 06:35:26 CET 2017 :  113 20510101 f05_1AGCM  - start
Sun Nov 12 07:08:02 CET 2017 :  113 20520101 f05_1AGCM  - done
Sun Nov 12 07:08:33 CET 2017 :  114 20520101 f05_1AGCM  - start
Sun Nov 12 07:41:08 CET 2017 :  114 20530101 f05_1AGCM  - done
Sun Nov 12 07:41:39 CET 2017 :  115 20530101 f05_1AGCM  - start
Mon Nov 27 11:22:57 CET 2017 :  115 20530101 f05_1AGCM  - start
Mon Nov 27 13:47:45 CET 2017 :  115 20530101 f05_1AGCM  - start
Mon Nov 27 14:24:46 CET 2017 :  115 20530101 f05_1AGCM  - start
Mon Nov 27 14:24:58 CET 2017 :  115 20530101 f05_1AGCM  - start
Mon Nov 27 14:28:39 CET 2017 :  115 20530101 f05_1AGCM  - start
Mon Nov 27 14:57:15 CET 2017 :  115 20530101 f05_1AGCM  - start
Mon Nov 27 15:30:33 CET 2017 :  115 20540101 f05_1AGCM  - done
Mon Nov 27 15:30:35 CET 2017 :  116 20540101 f05_1AGCM  - start
Mon Jan 22 12:47:40 CET 2018 :  116 20540101 f05_1AGCM  - start
Mon Jan 22 12:49:37 CET 2018 :  116 20500101 f05_1AGCM  - start
Mon Jan 22 13:46:55 CET 2018 :  116 20500101 f05_1AGCM  - start
Mon Jan 22 14:24:37 CET 2018 :  116 20510101 f05_1AGCM  - done
