Thu Jan 18 20:46:35 CET 2018 :  Beginning of Experiment f01_echam6_amip_T63
Thu Jan 18 20:46:35 CET 2018 :  1 19390101 f01_echam6_amip_T63  - start
Thu Jan 18 20:56:27 CET 2018 :  02 19800101 f01_echam6_amip_T63  - start
Thu Jan 18 20:59:51 CET 2018 :  02 19800101 f01_echam6_amip_T63  - start
Thu Jan 18 21:00:36 CET 2018 :  02 19800101 f01_echam6_amip_T63  - start
Thu Jan 18 21:01:17 CET 2018 :  02 19800101 f01_echam6_amip_T63  - start
Thu Jan 18 21:25:36 CET 2018 :  02 19810101 f01_echam6_amip_T63  - done
Thu Jan 18 21:26:01 CET 2018 :  3 19810101 f01_echam6_amip_T63  - start
Fri Jan 19 09:22:34 CET 2018 :  3 19810101 f01_echam6_amip_T63  - start
Fri Jan 19 16:33:55 CET 2018 :  3 19810101 f01_echam6_amip_T63  - start
Fri Jan 19 17:20:12 CET 2018 :  3 19820101 f01_echam6_amip_T63  - done
Fri Jan 19 17:48:18 CET 2018 :  4 19820101 f01_echam6_amip_T63  - start
Fri Jan 19 18:13:20 CET 2018 :  4 19830101 f01_echam6_amip_T63  - done
Fri Jan 19 18:13:20 CET 2018 :  Experiment over
Fri Jan 19 19:48:22 CET 2018 :  5 19830101 f01_echam6_amip_T63  - start
Fri Jan 19 20:13:22 CET 2018 :  5 19840101 f01_echam6_amip_T63  - done
Fri Jan 19 20:13:23 CET 2018 :  Experiment over
Sun Jan 21 13:02:08 CET 2018 :  6 19840101 f01_echam6_amip_T63  - start
Sun Jan 21 13:27:41 CET 2018 :  6 19850101 f01_echam6_amip_T63  - done
Sun Jan 21 13:27:41 CET 2018 :  Experiment over
Fri Feb 02 14:30:37 CET 2018 :  7 19800101 f01_echam6_amip_T63  - start
Fri Feb 02 14:52:30 CET 2018 :  7 19800101 f01_echam6_amip_T63  - start
Fri Feb 02 17:25:55 CET 2018 :  7 19800101 f01_echam6_amip_T63  - start
Mon Feb 19 11:44:09 CET 2018 :  7 19800101 f01_echam6_amip_T63  - start
Tue Feb 27 10:39:45 CET 2018 :  7 19800101 f01_echam6_amip_T63  - start
Tue Feb 27 10:46:49 CET 2018 :  7 19800101 f01_echam6_amip_T63  - start
Tue Feb 27 10:47:12 CET 2018 :  7 19800101 f01_echam6_amip_T63  - start
Tue Feb 27 10:48:48 CET 2018 :  7 19800101 f01_echam6_amip_T63  - start
Tue Feb 27 10:49:26 CET 2018 :  7 19800101 f01_echam6_amip_T63  - start
Tue Feb 27 10:49:41 CET 2018 :  7 19800101 f01_echam6_amip_T63  - start
Tue Feb 27 10:55:28 CET 2018 :  7 19800101 f01_echam6_amip_T63  - start
