Mon Jan 22 16:27:20 CET 2018 :  Beginning of Experiment f05_5AGCMs_NA_SPG
Mon Jan 22 16:27:20 CET 2018 :  1 11010101 f05_5AGCMs_NA_SPG  - start
Mon Jan 22 16:28:12 CET 2018 :  167 20000101 f05_5AGCMs_NA_SPG  - start
Mon Jan 22 16:36:02 CET 2018 :  167 20000101 f05_5AGCMs_NA_SPG  - start
Mon Jan 22 16:36:31 CET 2018 :  167 18590101 f05_5AGCMs_NA_SPG  - start
Mon Jan 22 17:43:37 CET 2018 :  167 18590101 f05_5AGCMs_NA_SPG  - start
Mon Jan 22 18:32:18 CET 2018 :  167 18600101 f05_5AGCMs_NA_SPG  - done
Mon Jan 22 18:32:27 CET 2018 :  168 18600101 f05_5AGCMs_NA_SPG  - start
Tue Jan 23 10:40:23 CET 2018 :  2 18590101 f05_5AGCMs_NA_SPG  - start
Tue Jan 23 10:48:38 CET 2018 :  2 18590101 f05_5AGCMs_NA_SPG  - start
Tue Jan 23 11:00:46 CET 2018 :  2 18590101 f05_5AGCMs_NA_SPG  - start
Tue Jan 23 14:47:35 CET 2018 :  2 18590101 f05_5AGCMs_NA_SPG  - start
Tue Jan 23 15:01:38 CET 2018 :  2 18590101 f05_5AGCMs_NASPG_sample  - start
Tue Jan 23 15:01:57 CET 2018 :  2 18590101 f05_5AGCMs_NASPG_sample  - start
Tue Jan 23 15:08:07 CET 2018 :  2 18590101 f05_5AGCMs_NASPG_sample  - start
Tue Jan 23 15:10:10 CET 2018 :  2 18590101 f05_5AGCMs_NASPG_sample  - start
Tue Jan 23 15:38:03 CET 2018 :  2 18590101 f05_5AGCMs_NASPG_sample  - start
Tue Jan 23 15:41:22 CET 2018 :  2 18590101 f05_5AGCMs_NASPG_sample  - start
Tue Jan 23 19:13:37 CET 2018 :  2 18590101 f05_5AGCMs_NASPG_sample  - start
Tue Jan 23 20:44:20 CET 2018 :  2 18590101 f05_5AGCMs_NASPG_sample  - start
Tue Jan 23 21:32:23 CET 2018 :  2 18590101 f05_5AGCMs_NASPG_sample  - start
Tue Jan 23 21:39:28 CET 2018 :  2 18590101 f05_5AGCMs_NASPG_sample  - start
Tue Jan 23 21:44:57 CET 2018 :  2 18590101 f05_5AGCMs_NASPG_sample  - start
Tue Jan 23 22:24:09 CET 2018 :  2 18590101 f05_5AGCMs_NASPG_sample  - start
Tue Jan 23 23:12:32 CET 2018 :  2 18600101 f05_5AGCMs_NASPG_sample  - done
Tue Jan 23 23:12:50 CET 2018 :  3 18600101 f05_5AGCMs_NASPG_sample  - start
Wed Jan 24 14:10:53 CET 2018 :  3 18590101 f05_5AGCMs_NASPG_sample  - start
Wed Jan 24 15:00:02 CET 2018 :  3 18600101 f05_5AGCMs_NASPG_sample  - done
Wed Jan 24 16:06:20 CET 2018 :  4 18600101 f05_5AGCMs_NASPG_sample  - start
Wed Jan 24 16:28:42 CET 2018 :  4 18600101 f05_5AGCMs_NASPG_sample  - start
Fri Jan 26 04:32:38 CET 2018 :  4 18600101 f05_5AGCMs_NASPG_sample  - start
Fri Jan 26 11:39:24 CET 2018 :  4 18600101 f05_5AGCMs_NASPG_sample  - start
Sat Jan 27 11:50:08 CET 2018 :  4 18590101 f05_5AGCMs_NASPG_sample  - start
Mon Jan 29 18:37:51 CET 2018 :  4 18590101 f05_5AGCMs_NASPG_sample  - start
Mon Jan 29 19:26:55 CET 2018 :  4 18600101 f05_5AGCMs_NASPG_sample  - done
Tue Jan 30 01:36:16 CET 2018 :  5 18600101 f05_5AGCMs_NASPG_sample  - start
Wed Jan 31 14:31:19 CET 2018 :  5 18600101 f05_5AGCMs_NASPG_sample  - start
Wed Jan 31 15:13:40 CET 2018 :  5 18600101 f05_5AGCMs_NASPG_sample  - start
Wed Jan 31 15:19:49 CET 2018 :  5 18600101 f05_5AGCMs_NASPG_sample  - start
Wed Jan 31 15:22:22 CET 2018 :  5 18600101 f05_5AGCMs_NASPG_sample  - start
Wed Jan 31 15:23:54 CET 2018 :  5 18600101 f05_5AGCMs_NASPG_sample  - start
Wed Jan 31 15:28:31 CET 2018 :  5 18590101 f05_5AGCMs_NASPG_sample  - start
Wed Jan 31 15:37:09 CET 2018 :  5 18590101 f05_5AGCMs_NASPG_sample  - start
Wed Jan 31 15:38:02 CET 2018 :  5 18590101 f05_5AGCMs_NASPG_sample  - start
Wed Jan 31 19:08:14 CET 2018 :  5 18590101 f05_5AGCMs_NASPG_sample  - start
Wed Jan 31 19:55:14 CET 2018 :  5 18600101 f05_5AGCMs_NASPG_sample  - done
Wed Jan 31 21:23:48 CET 2018 :  6 18600101 f05_5AGCMs_NASPG_sample  - start
Wed Jan 31 22:11:23 CET 2018 :  6 18610101 f05_5AGCMs_NASPG_sample  - done
Fri Feb 02 15:25:59 CET 2018 :  7 18610101 f05_5AGCMs_NASPG_sample  - start
Fri Feb 02 18:39:49 CET 2018 :  7 18590101 f05_5AGCMs_NASPG_sample  - start
Fri Feb 02 18:49:53 CET 2018 :  7 18590201 f05_5AGCMs_NASPG_sample  - done
Fri Feb 02 18:49:53 CET 2018 :  8 18590201 f05_5AGCMs_NASPG_sample  - start
Fri Feb 02 18:58:46 CET 2018 :  8 18590301 f05_5AGCMs_NASPG_sample  - done
Fri Feb 02 18:58:46 CET 2018 :  9 18590301 f05_5AGCMs_NASPG_sample  - start
Fri Feb 02 19:08:30 CET 2018 :  9 18590401 f05_5AGCMs_NASPG_sample  - done
Fri Feb 02 19:08:31 CET 2018 :  10 18590401 f05_5AGCMs_NASPG_sample  - start
Fri Feb 02 19:17:55 CET 2018 :  10 18590501 f05_5AGCMs_NASPG_sample  - done
Fri Feb 02 19:17:56 CET 2018 :  11 18590501 f05_5AGCMs_NASPG_sample  - start
Fri Feb 02 19:27:50 CET 2018 :  11 18590601 f05_5AGCMs_NASPG_sample  - done
Fri Feb 02 19:27:50 CET 2018 :  12 18590601 f05_5AGCMs_NASPG_sample  - start
Fri Feb 02 19:37:24 CET 2018 :  12 18590701 f05_5AGCMs_NASPG_sample  - done
Fri Feb 02 19:37:24 CET 2018 :  13 18590701 f05_5AGCMs_NASPG_sample  - start
Fri Feb 02 19:47:12 CET 2018 :  13 18590801 f05_5AGCMs_NASPG_sample  - done
Fri Feb 02 19:47:13 CET 2018 :  14 18590801 f05_5AGCMs_NASPG_sample  - start
Fri Feb 02 19:56:55 CET 2018 :  14 18590901 f05_5AGCMs_NASPG_sample  - done
Fri Feb 02 19:56:55 CET 2018 :  15 18590901 f05_5AGCMs_NASPG_sample  - start
Fri Feb 02 20:06:21 CET 2018 :  15 18591001 f05_5AGCMs_NASPG_sample  - done
Fri Feb 02 20:06:22 CET 2018 :  16 18591001 f05_5AGCMs_NASPG_sample  - start
Fri Feb 02 20:16:01 CET 2018 :  16 18591101 f05_5AGCMs_NASPG_sample  - done
Fri Feb 02 20:16:01 CET 2018 :  17 18591101 f05_5AGCMs_NASPG_sample  - start
Fri Feb 02 20:25:30 CET 2018 :  17 18591201 f05_5AGCMs_NASPG_sample  - done
Fri Feb 02 20:25:31 CET 2018 :  18 18591201 f05_5AGCMs_NASPG_sample  - start
Fri Feb 02 20:35:23 CET 2018 :  18 18600101 f05_5AGCMs_NASPG_sample  - done
Fri Feb 02 20:35:23 CET 2018 :  19 18600101 f05_5AGCMs_NASPG_sample  - start
Fri Feb 02 20:45:00 CET 2018 :  19 18600201 f05_5AGCMs_NASPG_sample  - done
Fri Feb 02 20:45:00 CET 2018 :  20 18600201 f05_5AGCMs_NASPG_sample  - start
Fri Feb 02 20:54:08 CET 2018 :  20 18600301 f05_5AGCMs_NASPG_sample  - done
Fri Feb 02 20:54:09 CET 2018 :  21 18600301 f05_5AGCMs_NASPG_sample  - start
Fri Feb 02 21:03:50 CET 2018 :  21 18600401 f05_5AGCMs_NASPG_sample  - done
Fri Feb 02 21:03:51 CET 2018 :  22 18600401 f05_5AGCMs_NASPG_sample  - start
Fri Feb 02 21:13:15 CET 2018 :  22 18600501 f05_5AGCMs_NASPG_sample  - done
Fri Feb 02 21:13:15 CET 2018 :  23 18600501 f05_5AGCMs_NASPG_sample  - start
Sat Feb 03 05:08:54 CET 2018 :  23 18600501 f05_5AGCMs_NASPG_sample  - start
Sat Feb 03 05:18:52 CET 2018 :  23 18600601 f05_5AGCMs_NASPG_sample  - done
Sat Feb 03 05:18:53 CET 2018 :  24 18600601 f05_5AGCMs_NASPG_sample  - start
Sat Feb 03 05:28:14 CET 2018 :  24 18600701 f05_5AGCMs_NASPG_sample  - done
Sat Feb 03 05:28:15 CET 2018 :  25 18600701 f05_5AGCMs_NASPG_sample  - start
Sat Feb 03 05:37:56 CET 2018 :  25 18600801 f05_5AGCMs_NASPG_sample  - done
Sat Feb 03 05:37:57 CET 2018 :  26 18600801 f05_5AGCMs_NASPG_sample  - start
Sat Feb 03 05:47:37 CET 2018 :  26 18600901 f05_5AGCMs_NASPG_sample  - done
Sat Feb 03 05:47:38 CET 2018 :  27 18600901 f05_5AGCMs_NASPG_sample  - start
Sat Feb 03 05:56:55 CET 2018 :  27 18601001 f05_5AGCMs_NASPG_sample  - done
Sat Feb 03 05:56:55 CET 2018 :  28 18601001 f05_5AGCMs_NASPG_sample  - start
Sat Feb 03 06:06:29 CET 2018 :  28 18601101 f05_5AGCMs_NASPG_sample  - done
Sat Feb 03 06:06:30 CET 2018 :  29 18601101 f05_5AGCMs_NASPG_sample  - start
Sat Feb 03 06:15:46 CET 2018 :  29 18601201 f05_5AGCMs_NASPG_sample  - done
Sat Feb 03 06:15:46 CET 2018 :  30 18601201 f05_5AGCMs_NASPG_sample  - start
Sat Feb 03 06:25:33 CET 2018 :  30 18610101 f05_5AGCMs_NASPG_sample  - done
Sat Feb 03 06:25:34 CET 2018 :  31 18610101 f05_5AGCMs_NASPG_sample  - start
Sat Feb 03 06:35:06 CET 2018 :  31 18610201 f05_5AGCMs_NASPG_sample  - done
Sat Feb 03 06:35:07 CET 2018 :  32 18610201 f05_5AGCMs_NASPG_sample  - start
Sat Feb 03 06:43:53 CET 2018 :  32 18610301 f05_5AGCMs_NASPG_sample  - done
Sat Feb 03 06:43:53 CET 2018 :  33 18610301 f05_5AGCMs_NASPG_sample  - start
Sat Feb 03 06:53:29 CET 2018 :  33 18610401 f05_5AGCMs_NASPG_sample  - done
Sat Feb 03 06:53:30 CET 2018 :  34 18610401 f05_5AGCMs_NASPG_sample  - start
Sat Feb 03 07:03:02 CET 2018 :  34 18610501 f05_5AGCMs_NASPG_sample  - done
Sat Feb 03 07:03:03 CET 2018 :  35 18610501 f05_5AGCMs_NASPG_sample  - start
Sat Feb 03 07:12:46 CET 2018 :  35 18610601 f05_5AGCMs_NASPG_sample  - done
Sat Feb 03 07:12:47 CET 2018 :  36 18610601 f05_5AGCMs_NASPG_sample  - start
Sat Feb 03 07:22:06 CET 2018 :  36 18610701 f05_5AGCMs_NASPG_sample  - done
Sat Feb 03 07:22:06 CET 2018 :  37 18610701 f05_5AGCMs_NASPG_sample  - start
Sat Feb 03 07:31:46 CET 2018 :  37 18610801 f05_5AGCMs_NASPG_sample  - done
Sat Feb 03 07:31:47 CET 2018 :  38 18610801 f05_5AGCMs_NASPG_sample  - start
Sat Feb 03 07:41:21 CET 2018 :  38 18610901 f05_5AGCMs_NASPG_sample  - done
Sat Feb 03 07:41:22 CET 2018 :  39 18610901 f05_5AGCMs_NASPG_sample  - start
Sat Feb 03 07:50:42 CET 2018 :  39 18611001 f05_5AGCMs_NASPG_sample  - done
Sat Feb 03 07:50:43 CET 2018 :  40 18611001 f05_5AGCMs_NASPG_sample  - start
Sat Feb 03 08:00:16 CET 2018 :  40 18611101 f05_5AGCMs_NASPG_sample  - done
Sat Feb 03 08:00:17 CET 2018 :  41 18611101 f05_5AGCMs_NASPG_sample  - start
Sat Feb 03 08:09:37 CET 2018 :  41 18611201 f05_5AGCMs_NASPG_sample  - done
Sat Feb 03 08:09:38 CET 2018 :  42 18611201 f05_5AGCMs_NASPG_sample  - start
Sat Feb 03 08:19:10 CET 2018 :  42 18620101 f05_5AGCMs_NASPG_sample  - done
Sat Feb 03 08:19:10 CET 2018 :  43 18620101 f05_5AGCMs_NASPG_sample  - start
Sat Feb 03 08:28:47 CET 2018 :  43 18620201 f05_5AGCMs_NASPG_sample  - done
Sat Feb 03 08:28:48 CET 2018 :  44 18620201 f05_5AGCMs_NASPG_sample  - start
Sat Feb 03 08:37:35 CET 2018 :  44 18620301 f05_5AGCMs_NASPG_sample  - done
Sat Feb 03 08:37:35 CET 2018 :  45 18620301 f05_5AGCMs_NASPG_sample  - start
Sat Feb 03 08:47:12 CET 2018 :  45 18620401 f05_5AGCMs_NASPG_sample  - done
Sat Feb 03 08:47:12 CET 2018 :  46 18620401 f05_5AGCMs_NASPG_sample  - start
Sat Feb 03 08:56:37 CET 2018 :  46 18620501 f05_5AGCMs_NASPG_sample  - done
Sat Feb 03 08:56:37 CET 2018 :  47 18620501 f05_5AGCMs_NASPG_sample  - start
Sat Feb 03 09:06:20 CET 2018 :  47 18620601 f05_5AGCMs_NASPG_sample  - done
Sat Feb 03 09:06:21 CET 2018 :  48 18620601 f05_5AGCMs_NASPG_sample  - start
Sat Feb 03 09:15:38 CET 2018 :  48 18620701 f05_5AGCMs_NASPG_sample  - done
Sat Feb 03 09:15:39 CET 2018 :  49 18620701 f05_5AGCMs_NASPG_sample  - start
Sat Feb 03 09:25:15 CET 2018 :  49 18620801 f05_5AGCMs_NASPG_sample  - done
Sat Feb 03 09:25:16 CET 2018 :  50 18620801 f05_5AGCMs_NASPG_sample  - start
Sat Feb 03 09:34:56 CET 2018 :  50 18620901 f05_5AGCMs_NASPG_sample  - done
Sat Feb 03 09:34:57 CET 2018 :  51 18620901 f05_5AGCMs_NASPG_sample  - start
Sat Feb 03 09:44:24 CET 2018 :  51 18621001 f05_5AGCMs_NASPG_sample  - done
Sat Feb 03 09:44:25 CET 2018 :  52 18621001 f05_5AGCMs_NASPG_sample  - start
Sat Feb 03 09:54:12 CET 2018 :  52 18621101 f05_5AGCMs_NASPG_sample  - done
Sat Feb 03 09:54:13 CET 2018 :  53 18621101 f05_5AGCMs_NASPG_sample  - start
Sat Feb 03 10:03:34 CET 2018 :  53 18621201 f05_5AGCMs_NASPG_sample  - done
Sat Feb 03 10:03:35 CET 2018 :  54 18621201 f05_5AGCMs_NASPG_sample  - start
Sat Feb 03 10:13:20 CET 2018 :  54 18630101 f05_5AGCMs_NASPG_sample  - done
Sat Feb 03 10:13:20 CET 2018 :  55 18630101 f05_5AGCMs_NASPG_sample  - start
Sat Feb 03 10:22:58 CET 2018 :  55 18630201 f05_5AGCMs_NASPG_sample  - done
Sat Feb 03 10:22:59 CET 2018 :  56 18630201 f05_5AGCMs_NASPG_sample  - start
Sat Feb 03 10:31:44 CET 2018 :  56 18630301 f05_5AGCMs_NASPG_sample  - done
Sat Feb 03 10:31:45 CET 2018 :  57 18630301 f05_5AGCMs_NASPG_sample  - start
Sat Feb 03 10:41:16 CET 2018 :  57 18630401 f05_5AGCMs_NASPG_sample  - done
Sat Feb 03 10:41:17 CET 2018 :  58 18630401 f05_5AGCMs_NASPG_sample  - start
Sat Feb 03 10:50:34 CET 2018 :  58 18630501 f05_5AGCMs_NASPG_sample  - done
Sat Feb 03 10:50:34 CET 2018 :  59 18630501 f05_5AGCMs_NASPG_sample  - start
Sat Feb 03 11:00:11 CET 2018 :  59 18630601 f05_5AGCMs_NASPG_sample  - done
Sat Feb 03 11:00:11 CET 2018 :  60 18630601 f05_5AGCMs_NASPG_sample  - start
Sat Feb 03 11:09:33 CET 2018 :  60 18630701 f05_5AGCMs_NASPG_sample  - done
Sat Feb 03 11:09:33 CET 2018 :  61 18630701 f05_5AGCMs_NASPG_sample  - start
Sat Feb 03 11:19:09 CET 2018 :  61 18630801 f05_5AGCMs_NASPG_sample  - done
Sat Feb 03 11:19:09 CET 2018 :  62 18630801 f05_5AGCMs_NASPG_sample  - start
Sat Feb 03 11:28:47 CET 2018 :  62 18630901 f05_5AGCMs_NASPG_sample  - done
Sat Feb 03 11:28:48 CET 2018 :  63 18630901 f05_5AGCMs_NASPG_sample  - start
Sat Feb 03 11:38:08 CET 2018 :  63 18631001 f05_5AGCMs_NASPG_sample  - done
Sat Feb 03 11:38:09 CET 2018 :  64 18631001 f05_5AGCMs_NASPG_sample  - start
Sat Feb 03 11:47:54 CET 2018 :  64 18631101 f05_5AGCMs_NASPG_sample  - done
Sat Feb 03 11:47:55 CET 2018 :  65 18631101 f05_5AGCMs_NASPG_sample  - start
Sat Feb 03 11:57:10 CET 2018 :  65 18631201 f05_5AGCMs_NASPG_sample  - done
Sat Feb 03 11:57:11 CET 2018 :  66 18631201 f05_5AGCMs_NASPG_sample  - start
Sat Feb 03 12:06:43 CET 2018 :  66 18640101 f05_5AGCMs_NASPG_sample  - done
Sat Feb 03 12:06:44 CET 2018 :  67 18640101 f05_5AGCMs_NASPG_sample  - start
Sat Feb 03 12:16:20 CET 2018 :  67 18640201 f05_5AGCMs_NASPG_sample  - done
Sat Feb 03 12:16:21 CET 2018 :  68 18640201 f05_5AGCMs_NASPG_sample  - start
Sat Feb 03 12:25:31 CET 2018 :  68 18640301 f05_5AGCMs_NASPG_sample  - done
Sat Feb 03 12:25:31 CET 2018 :  69 18640301 f05_5AGCMs_NASPG_sample  - start
Sat Feb 03 12:35:08 CET 2018 :  69 18640401 f05_5AGCMs_NASPG_sample  - done
Sat Feb 03 12:35:08 CET 2018 :  70 18640401 f05_5AGCMs_NASPG_sample  - start
Sat Feb 03 12:44:27 CET 2018 :  70 18640501 f05_5AGCMs_NASPG_sample  - done
Sat Feb 03 12:44:28 CET 2018 :  71 18640501 f05_5AGCMs_NASPG_sample  - start
Sat Feb 03 12:54:08 CET 2018 :  71 18640601 f05_5AGCMs_NASPG_sample  - done
Sat Feb 03 12:54:08 CET 2018 :  72 18640601 f05_5AGCMs_NASPG_sample  - start
Sat Feb 03 13:03:30 CET 2018 :  72 18640701 f05_5AGCMs_NASPG_sample  - done
Sat Feb 03 13:03:31 CET 2018 :  73 18640701 f05_5AGCMs_NASPG_sample  - start
Sat Feb 03 13:13:16 CET 2018 :  73 18640801 f05_5AGCMs_NASPG_sample  - done
Sat Feb 03 13:13:16 CET 2018 :  74 18640801 f05_5AGCMs_NASPG_sample  - start
Sat Feb 03 13:22:53 CET 2018 :  74 18640901 f05_5AGCMs_NASPG_sample  - done
Sat Feb 03 13:22:53 CET 2018 :  75 18640901 f05_5AGCMs_NASPG_sample  - start
Sat Feb 03 13:32:11 CET 2018 :  75 18641001 f05_5AGCMs_NASPG_sample  - done
Sat Feb 03 13:32:11 CET 2018 :  76 18641001 f05_5AGCMs_NASPG_sample  - start
Sat Feb 03 13:41:50 CET 2018 :  76 18641101 f05_5AGCMs_NASPG_sample  - done
Sat Feb 03 13:41:50 CET 2018 :  77 18641101 f05_5AGCMs_NASPG_sample  - start
Sat Feb 03 13:51:11 CET 2018 :  77 18641201 f05_5AGCMs_NASPG_sample  - done
Sat Feb 03 13:51:11 CET 2018 :  78 18641201 f05_5AGCMs_NASPG_sample  - start
Sat Feb 03 14:00:50 CET 2018 :  78 18650101 f05_5AGCMs_NASPG_sample  - done
Sat Feb 03 14:00:51 CET 2018 :  79 18650101 f05_5AGCMs_NASPG_sample  - start
Sat Feb 03 14:10:22 CET 2018 :  79 18650201 f05_5AGCMs_NASPG_sample  - done
Sat Feb 03 14:10:22 CET 2018 :  80 18650201 f05_5AGCMs_NASPG_sample  - start
Sat Feb 03 14:19:16 CET 2018 :  80 18650301 f05_5AGCMs_NASPG_sample  - done
Sat Feb 03 14:19:16 CET 2018 :  81 18650301 f05_5AGCMs_NASPG_sample  - start
Sat Feb 03 14:28:55 CET 2018 :  81 18650401 f05_5AGCMs_NASPG_sample  - done
Sat Feb 03 14:28:56 CET 2018 :  82 18650401 f05_5AGCMs_NASPG_sample  - start
Sat Feb 03 14:38:19 CET 2018 :  82 18650501 f05_5AGCMs_NASPG_sample  - done
Sat Feb 03 14:38:19 CET 2018 :  83 18650501 f05_5AGCMs_NASPG_sample  - start
Sat Feb 03 14:47:56 CET 2018 :  83 18650601 f05_5AGCMs_NASPG_sample  - done
Sat Feb 03 14:47:57 CET 2018 :  84 18650601 f05_5AGCMs_NASPG_sample  - start
Sat Feb 03 14:57:15 CET 2018 :  84 18650701 f05_5AGCMs_NASPG_sample  - done
Sat Feb 03 14:57:16 CET 2018 :  85 18650701 f05_5AGCMs_NASPG_sample  - start
Sat Feb 03 15:07:04 CET 2018 :  85 18650801 f05_5AGCMs_NASPG_sample  - done
Sat Feb 03 15:07:04 CET 2018 :  86 18650801 f05_5AGCMs_NASPG_sample  - start
Sat Feb 03 15:16:43 CET 2018 :  86 18650901 f05_5AGCMs_NASPG_sample  - done
Sat Feb 03 15:16:43 CET 2018 :  87 18650901 f05_5AGCMs_NASPG_sample  - start
Sat Feb 03 15:26:03 CET 2018 :  87 18651001 f05_5AGCMs_NASPG_sample  - done
Sat Feb 03 15:26:03 CET 2018 :  88 18651001 f05_5AGCMs_NASPG_sample  - start
Sat Feb 03 15:35:42 CET 2018 :  88 18651101 f05_5AGCMs_NASPG_sample  - done
Sat Feb 03 15:35:43 CET 2018 :  89 18651101 f05_5AGCMs_NASPG_sample  - start
Sat Feb 03 15:45:15 CET 2018 :  89 18651201 f05_5AGCMs_NASPG_sample  - done
Sat Feb 03 15:45:15 CET 2018 :  90 18651201 f05_5AGCMs_NASPG_sample  - start
Sat Feb 03 15:54:51 CET 2018 :  90 18660101 f05_5AGCMs_NASPG_sample  - done
Sat Feb 03 15:54:51 CET 2018 :  91 18660101 f05_5AGCMs_NASPG_sample  - start
Sat Feb 03 16:04:23 CET 2018 :  91 18660201 f05_5AGCMs_NASPG_sample  - done
Sat Feb 03 16:04:24 CET 2018 :  92 18660201 f05_5AGCMs_NASPG_sample  - start
Sat Feb 03 16:13:16 CET 2018 :  92 18660301 f05_5AGCMs_NASPG_sample  - done
Sat Feb 03 16:13:16 CET 2018 :  93 18660301 f05_5AGCMs_NASPG_sample  - start
Sat Feb 03 16:22:55 CET 2018 :  93 18660401 f05_5AGCMs_NASPG_sample  - done
Sat Feb 03 16:22:56 CET 2018 :  94 18660401 f05_5AGCMs_NASPG_sample  - start
Sat Feb 03 16:32:27 CET 2018 :  94 18660501 f05_5AGCMs_NASPG_sample  - done
Sat Feb 03 16:32:27 CET 2018 :  95 18660501 f05_5AGCMs_NASPG_sample  - start
Sat Feb 03 16:42:02 CET 2018 :  95 18660601 f05_5AGCMs_NASPG_sample  - done
Sat Feb 03 16:42:02 CET 2018 :  96 18660601 f05_5AGCMs_NASPG_sample  - start
Sat Feb 03 16:51:22 CET 2018 :  96 18660701 f05_5AGCMs_NASPG_sample  - done
Sat Feb 03 16:51:22 CET 2018 :  97 18660701 f05_5AGCMs_NASPG_sample  - start
Sat Feb 03 17:01:09 CET 2018 :  97 18660801 f05_5AGCMs_NASPG_sample  - done
Sat Feb 03 17:01:09 CET 2018 :  98 18660801 f05_5AGCMs_NASPG_sample  - start
Sat Feb 03 17:10:50 CET 2018 :  98 18660901 f05_5AGCMs_NASPG_sample  - done
Sat Feb 03 17:10:51 CET 2018 :  99 18660901 f05_5AGCMs_NASPG_sample  - start
Sat Feb 03 17:20:13 CET 2018 :  99 18661001 f05_5AGCMs_NASPG_sample  - done
Sat Feb 03 17:20:13 CET 2018 :  100 18661001 f05_5AGCMs_NASPG_sample  - start
Sat Feb 03 21:17:17 CET 2018 :  2 18590101 f05_5AGCMs_NASPG_sample  - start
Sat Feb 03 21:26:57 CET 2018 :  2 18590201 f05_5AGCMs_NASPG_sample  - done
Sat Feb 03 21:26:57 CET 2018 :  2 18590101 f05_5AGCMs_NASPG_sample  - start
Sat Feb 03 21:36:27 CET 2018 :  2 18590201 f05_5AGCMs_NASPG_sample  - done
Sat Feb 03 21:36:28 CET 2018 :  2 18590101 f05_5AGCMs_NASPG_sample  - start
Sat Feb 03 21:46:12 CET 2018 :  2 18590201 f05_5AGCMs_NASPG_sample  - done
Sat Feb 03 21:46:12 CET 2018 :  2 18590101 f05_5AGCMs_NASPG_sample  - start
Sat Feb 03 21:55:49 CET 2018 :  2 18590201 f05_5AGCMs_NASPG_sample  - done
Sat Feb 03 21:55:49 CET 2018 :  2 18590101 f05_5AGCMs_NASPG_sample  - start
Sat Feb 03 22:05:26 CET 2018 :  2 18590201 f05_5AGCMs_NASPG_sample  - done
Sat Feb 03 22:05:27 CET 2018 :  2 18590101 f05_5AGCMs_NASPG_sample  - start
Sat Feb 03 22:14:58 CET 2018 :  2 18590201 f05_5AGCMs_NASPG_sample  - done
Sat Feb 03 22:14:59 CET 2018 :  2 18590101 f05_5AGCMs_NASPG_sample  - start
Sat Feb 03 22:24:30 CET 2018 :  2 18590201 f05_5AGCMs_NASPG_sample  - done
Sat Feb 03 22:24:31 CET 2018 :  2 18590101 f05_5AGCMs_NASPG_sample  - start
Sat Feb 03 22:34:02 CET 2018 :  2 18590201 f05_5AGCMs_NASPG_sample  - done
Sat Feb 03 22:34:02 CET 2018 :  2 18590101 f05_5AGCMs_NASPG_sample  - start
Sat Feb 03 22:43:37 CET 2018 :  2 18590201 f05_5AGCMs_NASPG_sample  - done
Sat Feb 03 22:43:37 CET 2018 :  2 18590101 f05_5AGCMs_NASPG_sample  - start
Sat Feb 03 22:53:14 CET 2018 :  2 18590201 f05_5AGCMs_NASPG_sample  - done
Sat Feb 03 22:53:14 CET 2018 :  2 18590101 f05_5AGCMs_NASPG_sample  - start
Sat Feb 03 23:02:58 CET 2018 :  2 18590201 f05_5AGCMs_NASPG_sample  - done
Sat Feb 03 23:02:58 CET 2018 :  2 18590101 f05_5AGCMs_NASPG_sample  - start
Sat Feb 03 23:12:31 CET 2018 :  2 18590201 f05_5AGCMs_NASPG_sample  - done
Sat Feb 03 23:12:32 CET 2018 :  2 18590101 f05_5AGCMs_NASPG_sample  - start
Sat Feb 03 23:21:58 CET 2018 :  2 18590201 f05_5AGCMs_NASPG_sample  - done
Sat Feb 03 23:21:59 CET 2018 :  2 18590101 f05_5AGCMs_NASPG_sample  - start
Sat Feb 03 23:31:24 CET 2018 :  2 18590201 f05_5AGCMs_NASPG_sample  - done
Sat Feb 03 23:31:25 CET 2018 :  2 18590101 f05_5AGCMs_NASPG_sample  - start
Sat Feb 03 23:40:56 CET 2018 :  2 18590201 f05_5AGCMs_NASPG_sample  - done
Sat Feb 03 23:40:57 CET 2018 :  2 18590101 f05_5AGCMs_NASPG_sample  - start
Sat Feb 03 23:50:24 CET 2018 :  2 18590201 f05_5AGCMs_NASPG_sample  - done
Sat Feb 03 23:50:24 CET 2018 :  2 18590101 f05_5AGCMs_NASPG_sample  - start
Sat Feb 03 23:59:57 CET 2018 :  2 18590201 f05_5AGCMs_NASPG_sample  - done
Sat Feb 03 23:59:58 CET 2018 :  2 18590101 f05_5AGCMs_NASPG_sample  - start
Sun Feb 04 00:09:24 CET 2018 :  2 18590201 f05_5AGCMs_NASPG_sample  - done
Sun Feb 04 00:09:25 CET 2018 :  2 18590101 f05_5AGCMs_NASPG_sample  - start
Sun Feb 04 00:18:54 CET 2018 :  2 18590201 f05_5AGCMs_NASPG_sample  - done
Sun Feb 04 00:18:54 CET 2018 :  2 18590101 f05_5AGCMs_NASPG_sample  - start
Sun Feb 04 00:28:29 CET 2018 :  2 18590201 f05_5AGCMs_NASPG_sample  - done
Sun Feb 04 00:28:30 CET 2018 :  2 18590101 f05_5AGCMs_NASPG_sample  - start
Sun Feb 04 00:38:00 CET 2018 :  2 18590201 f05_5AGCMs_NASPG_sample  - done
Sun Feb 04 00:38:00 CET 2018 :  2 18590101 f05_5AGCMs_NASPG_sample  - start
Sun Feb 04 00:47:34 CET 2018 :  2 18590201 f05_5AGCMs_NASPG_sample  - done
Sun Feb 04 00:47:34 CET 2018 :  2 18590101 f05_5AGCMs_NASPG_sample  - start
Sun Feb 04 00:56:59 CET 2018 :  2 18590201 f05_5AGCMs_NASPG_sample  - done
Sun Feb 04 00:57:00 CET 2018 :  2 18590101 f05_5AGCMs_NASPG_sample  - start
Sun Feb 04 01:06:26 CET 2018 :  2 18590201 f05_5AGCMs_NASPG_sample  - done
Sun Feb 04 01:06:26 CET 2018 :  2 18590101 f05_5AGCMs_NASPG_sample  - start
Sun Feb 04 01:15:56 CET 2018 :  2 18590201 f05_5AGCMs_NASPG_sample  - done
Sun Feb 04 01:15:57 CET 2018 :  2 18590101 f05_5AGCMs_NASPG_sample  - start
Sun Feb 04 01:25:23 CET 2018 :  2 18590201 f05_5AGCMs_NASPG_sample  - done
Sun Feb 04 01:25:23 CET 2018 :  2 18590101 f05_5AGCMs_NASPG_sample  - start
Sun Feb 04 01:34:52 CET 2018 :  2 18590201 f05_5AGCMs_NASPG_sample  - done
Sun Feb 04 01:34:53 CET 2018 :  2 18590101 f05_5AGCMs_NASPG_sample  - start
Sun Feb 04 01:44:37 CET 2018 :  2 18590201 f05_5AGCMs_NASPG_sample  - done
Sun Feb 04 01:44:37 CET 2018 :  2 18590101 f05_5AGCMs_NASPG_sample  - start
Sun Feb 04 01:54:11 CET 2018 :  2 18590201 f05_5AGCMs_NASPG_sample  - done
Sun Feb 04 01:54:11 CET 2018 :  2 18590101 f05_5AGCMs_NASPG_sample  - start
Sun Feb 04 02:03:44 CET 2018 :  2 18590201 f05_5AGCMs_NASPG_sample  - done
Sun Feb 04 02:03:44 CET 2018 :  2 18590101 f05_5AGCMs_NASPG_sample  - start
Sun Feb 04 02:13:14 CET 2018 :  2 18590201 f05_5AGCMs_NASPG_sample  - done
Sun Feb 04 02:13:15 CET 2018 :  2 18590101 f05_5AGCMs_NASPG_sample  - start
Sun Feb 04 02:22:44 CET 2018 :  2 18590201 f05_5AGCMs_NASPG_sample  - done
Sun Feb 04 02:22:44 CET 2018 :  2 18590101 f05_5AGCMs_NASPG_sample  - start
Sun Feb 04 02:32:10 CET 2018 :  2 18590201 f05_5AGCMs_NASPG_sample  - done
Sun Feb 04 02:32:11 CET 2018 :  2 18590101 f05_5AGCMs_NASPG_sample  - start
Sun Feb 04 02:41:39 CET 2018 :  2 18590201 f05_5AGCMs_NASPG_sample  - done
Sun Feb 04 02:41:39 CET 2018 :  2 18590101 f05_5AGCMs_NASPG_sample  - start
Sun Feb 04 02:51:08 CET 2018 :  2 18590201 f05_5AGCMs_NASPG_sample  - done
Sun Feb 04 02:51:08 CET 2018 :  2 18590101 f05_5AGCMs_NASPG_sample  - start
Sun Feb 04 03:00:37 CET 2018 :  2 18590201 f05_5AGCMs_NASPG_sample  - done
Sun Feb 04 03:00:37 CET 2018 :  2 18590101 f05_5AGCMs_NASPG_sample  - start
Sun Feb 04 03:10:04 CET 2018 :  2 18590201 f05_5AGCMs_NASPG_sample  - done
Sun Feb 04 03:10:04 CET 2018 :  2 18590101 f05_5AGCMs_NASPG_sample  - start
Sun Feb 04 03:19:27 CET 2018 :  2 18590201 f05_5AGCMs_NASPG_sample  - done
Sun Feb 04 03:19:28 CET 2018 :  2 18590101 f05_5AGCMs_NASPG_sample  - start
Sun Feb 04 03:29:10 CET 2018 :  2 18590201 f05_5AGCMs_NASPG_sample  - done
Sun Feb 04 03:29:10 CET 2018 :  2 18590101 f05_5AGCMs_NASPG_sample  - start
Sun Feb 04 03:38:40 CET 2018 :  2 18590201 f05_5AGCMs_NASPG_sample  - done
Sun Feb 04 03:38:40 CET 2018 :  2 18590101 f05_5AGCMs_NASPG_sample  - start
Sun Feb 04 03:48:14 CET 2018 :  2 18590201 f05_5AGCMs_NASPG_sample  - done
Sun Feb 04 03:48:15 CET 2018 :  2 18590101 f05_5AGCMs_NASPG_sample  - start
Sun Feb 04 03:57:46 CET 2018 :  2 18590201 f05_5AGCMs_NASPG_sample  - done
Sun Feb 04 03:57:46 CET 2018 :  2 18590101 f05_5AGCMs_NASPG_sample  - start
Sun Feb 04 04:07:11 CET 2018 :  2 18590201 f05_5AGCMs_NASPG_sample  - done
Sun Feb 04 04:07:12 CET 2018 :  2 18590101 f05_5AGCMs_NASPG_sample  - start
Sun Feb 04 04:16:39 CET 2018 :  2 18590201 f05_5AGCMs_NASPG_sample  - done
Sun Feb 04 04:16:39 CET 2018 :  2 18590101 f05_5AGCMs_NASPG_sample  - start
Sun Feb 04 04:26:22 CET 2018 :  2 18590201 f05_5AGCMs_NASPG_sample  - done
Sun Feb 04 04:26:22 CET 2018 :  2 18590101 f05_5AGCMs_NASPG_sample  - start
Sun Feb 04 04:35:57 CET 2018 :  2 18590201 f05_5AGCMs_NASPG_sample  - done
Sun Feb 04 04:35:58 CET 2018 :  2 18590101 f05_5AGCMs_NASPG_sample  - start
Sun Feb 04 04:45:24 CET 2018 :  2 18590201 f05_5AGCMs_NASPG_sample  - done
Sun Feb 04 04:45:25 CET 2018 :  2 18590101 f05_5AGCMs_NASPG_sample  - start
Sun Feb 04 04:54:50 CET 2018 :  2 18590201 f05_5AGCMs_NASPG_sample  - done
Sun Feb 04 04:54:51 CET 2018 :  2 18590101 f05_5AGCMs_NASPG_sample  - start
Sun Feb 04 05:04:18 CET 2018 :  2 18590201 f05_5AGCMs_NASPG_sample  - done
Sun Feb 04 05:04:19 CET 2018 :  2 18590101 f05_5AGCMs_NASPG_sample  - start
Sun Feb 04 05:13:54 CET 2018 :  2 18590201 f05_5AGCMs_NASPG_sample  - done
Sun Feb 04 05:13:54 CET 2018 :  2 18590101 f05_5AGCMs_NASPG_sample  - start
Sun Feb 04 05:23:28 CET 2018 :  2 18590201 f05_5AGCMs_NASPG_sample  - done
Sun Feb 04 05:23:28 CET 2018 :  2 18590101 f05_5AGCMs_NASPG_sample  - start
Sun Feb 04 05:32:56 CET 2018 :  2 18590201 f05_5AGCMs_NASPG_sample  - done
Sun Feb 04 05:32:57 CET 2018 :  2 18590101 f05_5AGCMs_NASPG_sample  - start
Sun Feb 04 05:42:21 CET 2018 :  2 18590201 f05_5AGCMs_NASPG_sample  - done
Sun Feb 04 05:42:21 CET 2018 :  2 18590101 f05_5AGCMs_NASPG_sample  - start
Sun Feb 04 05:51:43 CET 2018 :  2 18590201 f05_5AGCMs_NASPG_sample  - done
Sun Feb 04 05:51:44 CET 2018 :  2 18590101 f05_5AGCMs_NASPG_sample  - start
Sun Feb 04 06:01:10 CET 2018 :  2 18590201 f05_5AGCMs_NASPG_sample  - done
Sun Feb 04 06:01:10 CET 2018 :  2 18590101 f05_5AGCMs_NASPG_sample  - start
Sun Feb 04 06:10:50 CET 2018 :  2 18590201 f05_5AGCMs_NASPG_sample  - done
Sun Feb 04 06:10:50 CET 2018 :  2 18590101 f05_5AGCMs_NASPG_sample  - start
Sun Feb 04 06:20:14 CET 2018 :  2 18590201 f05_5AGCMs_NASPG_sample  - done
Sun Feb 04 06:20:14 CET 2018 :  2 18590101 f05_5AGCMs_NASPG_sample  - start
Sun Feb 04 10:37:04 CET 2018 :  2 18590101 f05_5AGCMs_NASPG_sample  - start
Sun Feb 04 10:46:48 CET 2018 :  2 18590201 f05_5AGCMs_NASPG_sample  - done
Sun Feb 04 10:46:48 CET 2018 :  2 18590101 f05_5AGCMs_NASPG_sample  - start
Sun Feb 04 10:56:24 CET 2018 :  2 18590201 f05_5AGCMs_NASPG_sample  - done
Sun Feb 04 10:56:24 CET 2018 :  2 18590101 f05_5AGCMs_NASPG_sample  - start
Sun Feb 04 11:06:03 CET 2018 :  2 18590201 f05_5AGCMs_NASPG_sample  - done
Sun Feb 04 11:06:03 CET 2018 :  2 18590101 f05_5AGCMs_NASPG_sample  - start
Sun Feb 04 11:15:36 CET 2018 :  2 18590201 f05_5AGCMs_NASPG_sample  - done
Sun Feb 04 11:15:36 CET 2018 :  2 18590101 f05_5AGCMs_NASPG_sample  - start
Sun Feb 04 11:25:09 CET 2018 :  2 18590201 f05_5AGCMs_NASPG_sample  - done
Sun Feb 04 11:25:09 CET 2018 :  2 18590101 f05_5AGCMs_NASPG_sample  - start
Sun Feb 04 11:34:45 CET 2018 :  2 18590201 f05_5AGCMs_NASPG_sample  - done
Sun Feb 04 11:34:46 CET 2018 :  2 18590101 f05_5AGCMs_NASPG_sample  - start
Sun Feb 04 11:44:26 CET 2018 :  2 18590201 f05_5AGCMs_NASPG_sample  - done
Sun Feb 04 11:44:26 CET 2018 :  2 18590101 f05_5AGCMs_NASPG_sample  - start
Sun Feb 04 11:54:02 CET 2018 :  2 18590201 f05_5AGCMs_NASPG_sample  - done
Sun Feb 04 11:54:02 CET 2018 :  2 18590101 f05_5AGCMs_NASPG_sample  - start
Sun Feb 04 12:03:39 CET 2018 :  2 18590201 f05_5AGCMs_NASPG_sample  - done
Sun Feb 04 12:03:40 CET 2018 :  2 18590101 f05_5AGCMs_NASPG_sample  - start
Sun Feb 04 12:13:11 CET 2018 :  2 18590201 f05_5AGCMs_NASPG_sample  - done
Sun Feb 04 12:13:12 CET 2018 :  2 18590101 f05_5AGCMs_NASPG_sample  - start
Sun Feb 04 12:22:43 CET 2018 :  2 18590201 f05_5AGCMs_NASPG_sample  - done
Sun Feb 04 12:22:43 CET 2018 :  2 18590101 f05_5AGCMs_NASPG_sample  - start
Sun Feb 04 12:32:09 CET 2018 :  2 18590201 f05_5AGCMs_NASPG_sample  - done
Sun Feb 04 12:32:09 CET 2018 :  2 18590101 f05_5AGCMs_NASPG_sample  - start
Sun Feb 04 12:41:39 CET 2018 :  2 18590201 f05_5AGCMs_NASPG_sample  - done
Sun Feb 04 12:41:40 CET 2018 :  2 18590101 f05_5AGCMs_NASPG_sample  - start
Sun Feb 04 12:51:13 CET 2018 :  2 18590201 f05_5AGCMs_NASPG_sample  - done
Sun Feb 04 12:51:13 CET 2018 :  2 18590101 f05_5AGCMs_NASPG_sample  - start
Sun Feb 04 13:00:40 CET 2018 :  2 18590201 f05_5AGCMs_NASPG_sample  - done
Sun Feb 04 13:00:41 CET 2018 :  2 18590101 f05_5AGCMs_NASPG_sample  - start
Sun Feb 04 13:10:05 CET 2018 :  2 18590201 f05_5AGCMs_NASPG_sample  - done
Sun Feb 04 13:10:05 CET 2018 :  2 18590101 f05_5AGCMs_NASPG_sample  - start
Sun Feb 04 13:19:39 CET 2018 :  2 18590201 f05_5AGCMs_NASPG_sample  - done
Sun Feb 04 13:19:39 CET 2018 :  2 18590101 f05_5AGCMs_NASPG_sample  - start
Sun Feb 04 13:29:12 CET 2018 :  2 18590201 f05_5AGCMs_NASPG_sample  - done
Sun Feb 04 13:29:13 CET 2018 :  2 18590101 f05_5AGCMs_NASPG_sample  - start
Sun Feb 04 13:38:47 CET 2018 :  2 18590201 f05_5AGCMs_NASPG_sample  - done
Sun Feb 04 13:38:48 CET 2018 :  2 18590101 f05_5AGCMs_NASPG_sample  - start
Sun Feb 04 13:48:19 CET 2018 :  2 18590201 f05_5AGCMs_NASPG_sample  - done
Sun Feb 04 13:48:20 CET 2018 :  2 18590101 f05_5AGCMs_NASPG_sample  - start
Sun Feb 04 13:57:52 CET 2018 :  2 18590201 f05_5AGCMs_NASPG_sample  - done
Sun Feb 04 13:57:52 CET 2018 :  2 18590101 f05_5AGCMs_NASPG_sample  - start
Sun Feb 04 14:07:19 CET 2018 :  2 18590201 f05_5AGCMs_NASPG_sample  - done
Sun Feb 04 14:07:20 CET 2018 :  2 18590101 f05_5AGCMs_NASPG_sample  - start
Sun Feb 04 14:16:50 CET 2018 :  2 18590201 f05_5AGCMs_NASPG_sample  - done
Sun Feb 04 14:16:51 CET 2018 :  2 18590101 f05_5AGCMs_NASPG_sample  - start
Sun Feb 04 14:26:19 CET 2018 :  2 18590201 f05_5AGCMs_NASPG_sample  - done
Sun Feb 04 14:26:19 CET 2018 :  2 18590101 f05_5AGCMs_NASPG_sample  - start
Sun Feb 04 14:35:47 CET 2018 :  2 18590201 f05_5AGCMs_NASPG_sample  - done
Sun Feb 04 14:35:48 CET 2018 :  2 18590101 f05_5AGCMs_NASPG_sample  - start
Sun Feb 04 14:45:14 CET 2018 :  2 18590201 f05_5AGCMs_NASPG_sample  - done
Sun Feb 04 14:45:14 CET 2018 :  2 18590101 f05_5AGCMs_NASPG_sample  - start
Sun Feb 04 14:54:43 CET 2018 :  2 18590201 f05_5AGCMs_NASPG_sample  - done
Sun Feb 04 14:54:44 CET 2018 :  2 18590101 f05_5AGCMs_NASPG_sample  - start
Sun Feb 04 15:04:17 CET 2018 :  2 18590201 f05_5AGCMs_NASPG_sample  - done
Sun Feb 04 15:04:17 CET 2018 :  2 18590101 f05_5AGCMs_NASPG_sample  - start
Sun Feb 04 16:48:46 CET 2018 :  2 18600101 f05_5AGCMs_NASPG_sample  - done
Sun Feb 04 16:48:46 CET 2018 :  2 18590101 f05_5AGCMs_NASPG_sample  - start
Sun Feb 04 18:34:10 CET 2018 :  2 18600101 f05_5AGCMs_NASPG_sample  - done
Sun Feb 04 18:34:10 CET 2018 :  2 18590101 f05_5AGCMs_NASPG_sample  - start
Sun Feb 04 20:18:36 CET 2018 :  2 18600101 f05_5AGCMs_NASPG_sample  - done
Sun Feb 04 20:18:36 CET 2018 :  2 18590101 f05_5AGCMs_NASPG_sample  - start
Sun Feb 04 22:03:29 CET 2018 :  2 18600101 f05_5AGCMs_NASPG_sample  - done
Sun Feb 04 22:03:29 CET 2018 :  2 18590101 f05_5AGCMs_NASPG_sample  - start
Sun Feb 04 23:01:44 CET 2018 :  2 18590101 f05_5AGCMs_NASPG_sample  - start
Mon Feb 05 00:46:57 CET 2018 :  2 18600101 f05_5AGCMs_NASPG_sample  - done
Mon Feb 05 00:46:58 CET 2018 :  2 18590101 f05_5AGCMs_NASPG_sample  - start
Mon Feb 05 01:46:11 CET 2018 :  2 18590101 f05_5AGCMs_NASPG_sample  - start
Mon Feb 05 01:48:06 CET 2018 :  2 18590101 f05_5AGCMs_NASPG_sample  - start
Mon Feb 05 01:54:12 CET 2018 :  2 18590101 f05_5AGCMs_NASPG_sample  - start
Mon Feb 05 02:02:28 CET 2018 :  2 18590101 f05_5AGCMs_NASPG_sample  - start
Mon Feb 05 02:07:32 CET 2018 :  2 18590101 f05_5AGCMs_NASPG_sample  - start
Mon Feb 05 02:53:52 CET 2018 :  2 18600101 f05_5AGCMs_NASPG_sample  - done
Mon Feb 05 02:53:52 CET 2018 :  3 18600101 f05_5AGCMs_NASPG_sample  - start
Mon Feb 05 03:40:05 CET 2018 :  3 18610101 f05_5AGCMs_NASPG_sample  - done
Mon Feb 05 03:40:06 CET 2018 :  4 18610101 f05_5AGCMs_NASPG_sample  - start
Mon Feb 05 04:25:46 CET 2018 :  4 18620101 f05_5AGCMs_NASPG_sample  - done
Mon Feb 05 04:25:46 CET 2018 :  5 18620101 f05_5AGCMs_NASPG_sample  - start
Mon Feb 05 05:11:38 CET 2018 :  5 18630101 f05_5AGCMs_NASPG_sample  - done
Mon Feb 05 05:11:39 CET 2018 :  6 18630101 f05_5AGCMs_NASPG_sample  - start
Mon Feb 05 05:57:07 CET 2018 :  6 18640101 f05_5AGCMs_NASPG_sample  - done
Mon Feb 05 05:57:08 CET 2018 :  7 18640101 f05_5AGCMs_NASPG_sample  - start
Mon Feb 05 06:42:59 CET 2018 :  7 18650101 f05_5AGCMs_NASPG_sample  - done
Mon Feb 05 06:42:59 CET 2018 :  8 18650101 f05_5AGCMs_NASPG_sample  - start
Mon Feb 05 07:29:03 CET 2018 :  8 18660101 f05_5AGCMs_NASPG_sample  - done
Mon Feb 05 07:29:04 CET 2018 :  9 18660101 f05_5AGCMs_NASPG_sample  - start
Mon Feb 05 08:14:51 CET 2018 :  9 18670101 f05_5AGCMs_NASPG_sample  - done
Mon Feb 05 08:14:51 CET 2018 :  10 18670101 f05_5AGCMs_NASPG_sample  - start
Mon Feb 05 09:00:31 CET 2018 :  10 18680101 f05_5AGCMs_NASPG_sample  - done
Mon Feb 05 09:00:31 CET 2018 :  11 18680101 f05_5AGCMs_NASPG_sample  - start
Mon Feb 05 09:46:17 CET 2018 :  11 18690101 f05_5AGCMs_NASPG_sample  - done
Mon Feb 05 09:46:17 CET 2018 :  12 18690101 f05_5AGCMs_NASPG_sample  - start
Mon Feb 05 10:32:09 CET 2018 :  12 18700101 f05_5AGCMs_NASPG_sample  - done
Mon Feb 05 10:32:09 CET 2018 :  13 18700101 f05_5AGCMs_NASPG_sample  - start
Mon Feb 05 11:18:11 CET 2018 :  13 18710101 f05_5AGCMs_NASPG_sample  - done
Mon Feb 05 11:18:11 CET 2018 :  14 18710101 f05_5AGCMs_NASPG_sample  - start
Mon Feb 05 12:03:41 CET 2018 :  14 18720101 f05_5AGCMs_NASPG_sample  - done
Mon Feb 05 12:03:42 CET 2018 :  15 18720101 f05_5AGCMs_NASPG_sample  - start
Mon Feb 05 12:49:24 CET 2018 :  15 18730101 f05_5AGCMs_NASPG_sample  - done
Mon Feb 05 12:49:25 CET 2018 :  16 18730101 f05_5AGCMs_NASPG_sample  - start
Mon Feb 05 13:34:57 CET 2018 :  16 18740101 f05_5AGCMs_NASPG_sample  - done
Mon Feb 05 13:34:58 CET 2018 :  17 18740101 f05_5AGCMs_NASPG_sample  - start
Mon Feb 05 14:20:42 CET 2018 :  17 18750101 f05_5AGCMs_NASPG_sample  - done
Mon Feb 05 14:20:42 CET 2018 :  18 18750101 f05_5AGCMs_NASPG_sample  - start
Mon Feb 05 15:06:32 CET 2018 :  18 18760101 f05_5AGCMs_NASPG_sample  - done
Mon Feb 05 15:06:33 CET 2018 :  19 18760101 f05_5AGCMs_NASPG_sample  - start
Mon Feb 05 15:52:33 CET 2018 :  19 18770101 f05_5AGCMs_NASPG_sample  - done
Mon Feb 05 15:52:34 CET 2018 :  20 18770101 f05_5AGCMs_NASPG_sample  - start
Mon Feb 05 16:38:09 CET 2018 :  20 18780101 f05_5AGCMs_NASPG_sample  - done
Mon Feb 05 16:38:10 CET 2018 :  21 18780101 f05_5AGCMs_NASPG_sample  - start
Mon Feb 05 17:23:24 CET 2018 :  21 18790101 f05_5AGCMs_NASPG_sample  - done
Mon Feb 05 17:23:25 CET 2018 :  22 18790101 f05_5AGCMs_NASPG_sample  - start
Mon Feb 05 18:09:01 CET 2018 :  22 18800101 f05_5AGCMs_NASPG_sample  - done
Mon Feb 05 18:09:01 CET 2018 :  23 18800101 f05_5AGCMs_NASPG_sample  - start
Mon Feb 05 18:54:59 CET 2018 :  23 18810101 f05_5AGCMs_NASPG_sample  - done
Mon Feb 05 18:55:00 CET 2018 :  24 18810101 f05_5AGCMs_NASPG_sample  - start
Mon Feb 05 19:40:31 CET 2018 :  24 18820101 f05_5AGCMs_NASPG_sample  - done
Mon Feb 05 19:40:32 CET 2018 :  25 18820101 f05_5AGCMs_NASPG_sample  - start
Mon Feb 05 20:26:16 CET 2018 :  25 18830101 f05_5AGCMs_NASPG_sample  - done
Mon Feb 05 20:26:17 CET 2018 :  26 18830101 f05_5AGCMs_NASPG_sample  - start
Mon Feb 05 21:12:04 CET 2018 :  26 18840101 f05_5AGCMs_NASPG_sample  - done
Mon Feb 05 21:12:05 CET 2018 :  27 18840101 f05_5AGCMs_NASPG_sample  - start
Mon Feb 05 23:06:02 CET 2018 :  27 18840101 f05_5AGCMs_NASPG_sample  - start
Mon Feb 05 23:58:40 CET 2018 :  27 18590101 f05_5AGCMs_NASPG_sample  - start
Tue Feb 06 00:45:36 CET 2018 :  27 18600101 f05_5AGCMs_NASPG_sample  - done
Tue Feb 06 00:45:37 CET 2018 :  28 18600101 f05_5AGCMs_NASPG_sample  - start
Sat Feb 10 23:55:13 CET 2018 :  28 18600101 f05_5AGCMs_NASPG_sample  - start
Sun Feb 11 00:41:52 CET 2018 :  28 18610101 f05_5AGCMs_NASPG_sample  - done
Sun Feb 11 00:41:53 CET 2018 :  29 18610101 f05_5AGCMs_NASPG_sample  - start
Sun Feb 11 01:28:29 CET 2018 :  29 18620101 f05_5AGCMs_NASPG_sample  - done
Sun Feb 11 01:28:30 CET 2018 :  30 18620101 f05_5AGCMs_NASPG_sample  - start
Sun Feb 11 02:15:15 CET 2018 :  30 18630101 f05_5AGCMs_NASPG_sample  - done
Sun Feb 11 02:15:15 CET 2018 :  31 18630101 f05_5AGCMs_NASPG_sample  - start
Sun Feb 11 03:02:00 CET 2018 :  31 18640101 f05_5AGCMs_NASPG_sample  - done
Sun Feb 11 03:02:00 CET 2018 :  32 18640101 f05_5AGCMs_NASPG_sample  - start
Sun Feb 11 03:49:07 CET 2018 :  32 18650101 f05_5AGCMs_NASPG_sample  - done
Sun Feb 11 03:49:08 CET 2018 :  33 18650101 f05_5AGCMs_NASPG_sample  - start
Sun Feb 11 04:36:26 CET 2018 :  33 18660101 f05_5AGCMs_NASPG_sample  - done
Sun Feb 11 04:36:26 CET 2018 :  34 18660101 f05_5AGCMs_NASPG_sample  - start
Sun Feb 11 05:23:19 CET 2018 :  34 18670101 f05_5AGCMs_NASPG_sample  - done
Sun Feb 11 05:23:20 CET 2018 :  35 18670101 f05_5AGCMs_NASPG_sample  - start
Sun Feb 11 06:10:39 CET 2018 :  35 18680101 f05_5AGCMs_NASPG_sample  - done
Sun Feb 11 06:10:40 CET 2018 :  36 18680101 f05_5AGCMs_NASPG_sample  - start
Sun Feb 11 06:57:37 CET 2018 :  36 18690101 f05_5AGCMs_NASPG_sample  - done
Sun Feb 11 06:57:38 CET 2018 :  37 18690101 f05_5AGCMs_NASPG_sample  - start
Sun Feb 11 07:44:23 CET 2018 :  37 18700101 f05_5AGCMs_NASPG_sample  - done
Sun Feb 11 07:44:24 CET 2018 :  38 18700101 f05_5AGCMs_NASPG_sample  - start
Sun Feb 11 08:30:59 CET 2018 :  38 18710101 f05_5AGCMs_NASPG_sample  - done
Sun Feb 11 08:30:59 CET 2018 :  39 18710101 f05_5AGCMs_NASPG_sample  - start
Sun Feb 11 09:17:58 CET 2018 :  39 18720101 f05_5AGCMs_NASPG_sample  - done
Sun Feb 11 09:17:59 CET 2018 :  40 18720101 f05_5AGCMs_NASPG_sample  - start
Sun Feb 11 10:05:34 CET 2018 :  40 18730101 f05_5AGCMs_NASPG_sample  - done
Sun Feb 11 10:05:35 CET 2018 :  41 18730101 f05_5AGCMs_NASPG_sample  - start
Sun Feb 11 10:52:18 CET 2018 :  41 18740101 f05_5AGCMs_NASPG_sample  - done
Sun Feb 11 10:52:19 CET 2018 :  42 18740101 f05_5AGCMs_NASPG_sample  - start
Sun Feb 11 11:39:35 CET 2018 :  42 18750101 f05_5AGCMs_NASPG_sample  - done
Sun Feb 11 11:39:36 CET 2018 :  43 18750101 f05_5AGCMs_NASPG_sample  - start
Sun Feb 11 12:26:27 CET 2018 :  43 18760101 f05_5AGCMs_NASPG_sample  - done
Sun Feb 11 12:26:28 CET 2018 :  44 18760101 f05_5AGCMs_NASPG_sample  - start
Sun Feb 11 13:13:33 CET 2018 :  44 18770101 f05_5AGCMs_NASPG_sample  - done
Sun Feb 11 13:13:34 CET 2018 :  45 18770101 f05_5AGCMs_NASPG_sample  - start
Sun Feb 11 14:00:26 CET 2018 :  45 18780101 f05_5AGCMs_NASPG_sample  - done
Sun Feb 11 14:00:27 CET 2018 :  46 18780101 f05_5AGCMs_NASPG_sample  - start
Sun Feb 11 15:13:29 CET 2018 :  46 18790101 f05_5AGCMs_NASPG_sample  - done
Sun Feb 11 15:13:29 CET 2018 :  47 18790101 f05_5AGCMs_NASPG_sample  - start
Sun Feb 11 16:00:10 CET 2018 :  47 18800101 f05_5AGCMs_NASPG_sample  - done
Sun Feb 11 16:00:10 CET 2018 :  48 18800101 f05_5AGCMs_NASPG_sample  - start
Sun Feb 11 16:48:36 CET 2018 :  48 18810101 f05_5AGCMs_NASPG_sample  - done
Sun Feb 11 16:48:37 CET 2018 :  49 18810101 f05_5AGCMs_NASPG_sample  - start
Mon Feb 12 05:46:34 CET 2018 :  10 18590101 f05_5AGCMs_NASPG_sample  - start
Mon Feb 12 06:33:59 CET 2018 :  10 18600101 f05_5AGCMs_NASPG_sample  - done
Mon Feb 12 06:34:00 CET 2018 :  11 18600101 f05_5AGCMs_NASPG_sample  - start
Mon Feb 12 07:21:26 CET 2018 :  11 18610101 f05_5AGCMs_NASPG_sample  - done
Mon Feb 12 07:21:27 CET 2018 :  12 18610101 f05_5AGCMs_NASPG_sample  - start
Mon Feb 12 08:08:07 CET 2018 :  12 18620101 f05_5AGCMs_NASPG_sample  - done
Mon Feb 12 08:08:08 CET 2018 :  13 18620101 f05_5AGCMs_NASPG_sample  - start
Mon Feb 12 08:55:25 CET 2018 :  13 18630101 f05_5AGCMs_NASPG_sample  - done
Mon Feb 12 08:55:25 CET 2018 :  14 18630101 f05_5AGCMs_NASPG_sample  - start
Mon Feb 12 09:42:01 CET 2018 :  14 18640101 f05_5AGCMs_NASPG_sample  - done
Mon Feb 12 09:42:02 CET 2018 :  15 18640101 f05_5AGCMs_NASPG_sample  - start
Tue Feb 13 02:41:57 CET 2018 :  10 18590101 f05_5AGCMs_NASPG_sample  - start
Tue Feb 13 03:29:08 CET 2018 :  10 18600101 f05_5AGCMs_NASPG_sample  - done
Tue Feb 13 03:29:09 CET 2018 :  11 18600101 f05_5AGCMs_NASPG_sample  - start
Tue Feb 13 04:16:04 CET 2018 :  11 18610101 f05_5AGCMs_NASPG_sample  - done
Tue Feb 13 04:16:05 CET 2018 :  12 18610101 f05_5AGCMs_NASPG_sample  - start
Tue Feb 13 05:03:14 CET 2018 :  12 18620101 f05_5AGCMs_NASPG_sample  - done
Tue Feb 13 05:03:15 CET 2018 :  13 18620101 f05_5AGCMs_NASPG_sample  - start
Tue Feb 13 05:50:11 CET 2018 :  13 18630101 f05_5AGCMs_NASPG_sample  - done
Tue Feb 13 05:50:12 CET 2018 :  14 18630101 f05_5AGCMs_NASPG_sample  - start
Tue Feb 13 06:37:17 CET 2018 :  14 18640101 f05_5AGCMs_NASPG_sample  - done
Tue Feb 13 06:37:18 CET 2018 :  15 18640101 f05_5AGCMs_NASPG_sample  - start
Tue Feb 13 07:24:41 CET 2018 :  15 18650101 f05_5AGCMs_NASPG_sample  - done
Tue Feb 13 07:24:42 CET 2018 :  16 18650101 f05_5AGCMs_NASPG_sample  - start
Tue Feb 13 08:11:30 CET 2018 :  16 18660101 f05_5AGCMs_NASPG_sample  - done
Tue Feb 13 08:11:30 CET 2018 :  17 18660101 f05_5AGCMs_NASPG_sample  - start
Tue Feb 13 08:58:30 CET 2018 :  17 18670101 f05_5AGCMs_NASPG_sample  - done
Tue Feb 13 08:58:31 CET 2018 :  18 18670101 f05_5AGCMs_NASPG_sample  - start
Wed Feb 14 09:51:33 CET 2018 :  18 18660101 f05_5AGCMs_NASPG_sample  - start
Wed Feb 14 10:38:29 CET 2018 :  18 18670101 f05_5AGCMs_NASPG_sample  - done
Wed Feb 14 10:38:30 CET 2018 :  19 18670101 f05_5AGCMs_NASPG_sample  - start
Wed Feb 14 11:25:37 CET 2018 :  19 18680101 f05_5AGCMs_NASPG_sample  - done
Wed Feb 14 11:25:38 CET 2018 :  20 18680101 f05_5AGCMs_NASPG_sample  - start
Wed Feb 14 12:12:45 CET 2018 :  20 18690101 f05_5AGCMs_NASPG_sample  - done
Wed Feb 14 12:12:45 CET 2018 :  21 18690101 f05_5AGCMs_NASPG_sample  - start
Wed Feb 14 12:59:37 CET 2018 :  21 18700101 f05_5AGCMs_NASPG_sample  - done
Wed Feb 14 12:59:38 CET 2018 :  22 18700101 f05_5AGCMs_NASPG_sample  - start
Wed Feb 14 13:46:50 CET 2018 :  22 18710101 f05_5AGCMs_NASPG_sample  - done
Wed Feb 14 13:46:51 CET 2018 :  23 18710101 f05_5AGCMs_NASPG_sample  - start
Wed Feb 14 14:33:41 CET 2018 :  23 18720101 f05_5AGCMs_NASPG_sample  - done
Wed Feb 14 14:33:42 CET 2018 :  24 18720101 f05_5AGCMs_NASPG_sample  - start
Wed Feb 14 15:20:22 CET 2018 :  24 18730101 f05_5AGCMs_NASPG_sample  - done
Wed Feb 14 15:20:22 CET 2018 :  25 18730101 f05_5AGCMs_NASPG_sample  - start
Wed Feb 14 16:07:23 CET 2018 :  25 18740101 f05_5AGCMs_NASPG_sample  - done
Wed Feb 14 16:07:23 CET 2018 :  26 18740101 f05_5AGCMs_NASPG_sample  - start
Wed Feb 14 16:54:19 CET 2018 :  26 18750101 f05_5AGCMs_NASPG_sample  - done
Wed Feb 14 16:54:20 CET 2018 :  27 18750101 f05_5AGCMs_NASPG_sample  - start
Wed Feb 14 17:41:22 CET 2018 :  27 18760101 f05_5AGCMs_NASPG_sample  - done
Wed Feb 14 17:41:23 CET 2018 :  28 18760101 f05_5AGCMs_NASPG_sample  - start
Wed Feb 14 18:28:55 CET 2018 :  28 18770101 f05_5AGCMs_NASPG_sample  - done
Wed Feb 14 18:28:55 CET 2018 :  29 18770101 f05_5AGCMs_NASPG_sample  - start
Wed Feb 14 19:15:33 CET 2018 :  29 18780101 f05_5AGCMs_NASPG_sample  - done
Wed Feb 14 19:15:34 CET 2018 :  30 18780101 f05_5AGCMs_NASPG_sample  - start
Wed Feb 14 20:02:19 CET 2018 :  30 18790101 f05_5AGCMs_NASPG_sample  - done
Wed Feb 14 20:02:20 CET 2018 :  31 18790101 f05_5AGCMs_NASPG_sample  - start
Wed Feb 14 20:49:20 CET 2018 :  31 18800101 f05_5AGCMs_NASPG_sample  - done
Wed Feb 14 20:49:21 CET 2018 :  32 18800101 f05_5AGCMs_NASPG_sample  - start
Wed Feb 14 21:36:30 CET 2018 :  32 18810101 f05_5AGCMs_NASPG_sample  - done
Wed Feb 14 21:36:31 CET 2018 :  33 18810101 f05_5AGCMs_NASPG_sample  - start
Wed Feb 14 22:34:07 CET 2018 :  33 18820101 f05_5AGCMs_NASPG_sample  - done
Wed Feb 14 22:34:08 CET 2018 :  34 18820101 f05_5AGCMs_NASPG_sample  - start
Wed Feb 14 23:21:15 CET 2018 :  34 18830101 f05_5AGCMs_NASPG_sample  - done
Wed Feb 14 23:21:16 CET 2018 :  35 18830101 f05_5AGCMs_NASPG_sample  - start
Thu Feb 15 00:07:40 CET 2018 :  35 18840101 f05_5AGCMs_NASPG_sample  - done
Thu Feb 15 00:07:41 CET 2018 :  36 18840101 f05_5AGCMs_NASPG_sample  - start
Fri Feb 16 00:11:24 CET 2018 :  36 18840101 f05_5AGCMs_NASPG_sample  - start
Fri Feb 16 01:00:37 CET 2018 :  36 18850101 f05_5AGCMs_NASPG_sample  - done
Fri Feb 16 01:01:38 CET 2018 :  37 18850101 f05_5AGCMs_NASPG_sample  - start
Fri Feb 16 01:50:11 CET 2018 :  37 18860101 f05_5AGCMs_NASPG_sample  - done
Fri Feb 16 01:51:12 CET 2018 :  38 18860101 f05_5AGCMs_NASPG_sample  - start
Fri Feb 16 02:39:37 CET 2018 :  38 18870101 f05_5AGCMs_NASPG_sample  - done
Fri Feb 16 02:40:38 CET 2018 :  39 18870101 f05_5AGCMs_NASPG_sample  - start
Fri Feb 16 03:29:50 CET 2018 :  39 18880101 f05_5AGCMs_NASPG_sample  - done
Fri Feb 16 03:30:50 CET 2018 :  40 18880101 f05_5AGCMs_NASPG_sample  - start
Fri Feb 16 04:18:06 CET 2018 :  40 18890101 f05_5AGCMs_NASPG_sample  - done
Fri Feb 16 04:19:06 CET 2018 :  41 18890101 f05_5AGCMs_NASPG_sample  - start
Fri Feb 16 05:06:08 CET 2018 :  41 18900101 f05_5AGCMs_NASPG_sample  - done
Fri Feb 16 05:07:08 CET 2018 :  42 18900101 f05_5AGCMs_NASPG_sample  - start
Fri Feb 16 05:54:22 CET 2018 :  42 18910101 f05_5AGCMs_NASPG_sample  - done
Fri Feb 16 05:55:23 CET 2018 :  43 18910101 f05_5AGCMs_NASPG_sample  - start
Fri Feb 16 06:42:13 CET 2018 :  43 18920101 f05_5AGCMs_NASPG_sample  - done
Fri Feb 16 06:43:14 CET 2018 :  44 18920101 f05_5AGCMs_NASPG_sample  - start
Fri Feb 16 07:30:08 CET 2018 :  44 18930101 f05_5AGCMs_NASPG_sample  - done
Fri Feb 16 07:31:09 CET 2018 :  45 18930101 f05_5AGCMs_NASPG_sample  - start
Fri Feb 16 08:18:02 CET 2018 :  45 18940101 f05_5AGCMs_NASPG_sample  - done
Fri Feb 16 08:19:02 CET 2018 :  46 18940101 f05_5AGCMs_NASPG_sample  - start
Fri Feb 16 09:06:33 CET 2018 :  46 18950101 f05_5AGCMs_NASPG_sample  - done
Fri Feb 16 09:07:34 CET 2018 :  47 18950101 f05_5AGCMs_NASPG_sample  - start
Fri Feb 16 09:54:03 CET 2018 :  47 18960101 f05_5AGCMs_NASPG_sample  - done
Fri Feb 16 09:55:03 CET 2018 :  48 18960101 f05_5AGCMs_NASPG_sample  - start
Fri Feb 16 10:43:09 CET 2018 :  48 18970101 f05_5AGCMs_NASPG_sample  - done
Fri Feb 16 10:44:09 CET 2018 :  49 18970101 f05_5AGCMs_NASPG_sample  - start
Fri Feb 16 11:30:53 CET 2018 :  49 18980101 f05_5AGCMs_NASPG_sample  - done
Fri Feb 16 11:31:54 CET 2018 :  50 18980101 f05_5AGCMs_NASPG_sample  - start
Fri Feb 16 12:18:17 CET 2018 :  50 18990101 f05_5AGCMs_NASPG_sample  - done
Fri Feb 16 12:19:18 CET 2018 :  51 18990101 f05_5AGCMs_NASPG_sample  - start
Fri Feb 16 13:05:43 CET 2018 :  51 19000101 f05_5AGCMs_NASPG_sample  - done
Fri Feb 16 13:06:43 CET 2018 :  52 19000101 f05_5AGCMs_NASPG_sample  - start
Fri Feb 16 13:53:37 CET 2018 :  52 19010101 f05_5AGCMs_NASPG_sample  - done
Fri Feb 16 13:54:37 CET 2018 :  53 19010101 f05_5AGCMs_NASPG_sample  - start
Fri Feb 16 14:41:31 CET 2018 :  53 19020101 f05_5AGCMs_NASPG_sample  - done
Fri Feb 16 14:42:32 CET 2018 :  54 19020101 f05_5AGCMs_NASPG_sample  - start
Fri Feb 16 15:29:22 CET 2018 :  54 19030101 f05_5AGCMs_NASPG_sample  - done
Fri Feb 16 15:30:23 CET 2018 :  55 19030101 f05_5AGCMs_NASPG_sample  - start
Fri Feb 16 16:17:40 CET 2018 :  55 19040101 f05_5AGCMs_NASPG_sample  - done
Fri Feb 16 16:18:41 CET 2018 :  56 19040101 f05_5AGCMs_NASPG_sample  - start
Fri Feb 16 17:05:15 CET 2018 :  56 19050101 f05_5AGCMs_NASPG_sample  - done
Fri Feb 16 17:06:16 CET 2018 :  57 19050101 f05_5AGCMs_NASPG_sample  - start
Fri Feb 16 17:52:45 CET 2018 :  57 19060101 f05_5AGCMs_NASPG_sample  - done
Fri Feb 16 17:53:46 CET 2018 :  58 19060101 f05_5AGCMs_NASPG_sample  - start
Fri Feb 16 18:40:05 CET 2018 :  58 19070101 f05_5AGCMs_NASPG_sample  - done
Fri Feb 16 18:41:06 CET 2018 :  59 19070101 f05_5AGCMs_NASPG_sample  - start
Fri Feb 16 19:27:26 CET 2018 :  59 19080101 f05_5AGCMs_NASPG_sample  - done
Fri Feb 16 19:28:26 CET 2018 :  60 19080101 f05_5AGCMs_NASPG_sample  - start
Sun Feb 18 10:46:05 CET 2018 :  60 19080101 f05_5AGCMs_NASPG_sample  - start
Sun Feb 18 11:32:43 CET 2018 :  60 19090101 f05_5AGCMs_NASPG_sample  - done
Sun Feb 18 11:33:44 CET 2018 :  61 19090101 f05_5AGCMs_NASPG_sample  - start
Mon Feb 19 13:53:18 CET 2018 :  61 19090101 f05_5AGCMs_NASPG_sample  - start
Mon Feb 19 14:44:14 CET 2018 :  61 19090101 f05_5AGCMs_NASPG_sample  - start
Mon Feb 19 15:34:17 CET 2018 :  61 19090101 f05_5AGCMs_NASPG_sample  - start
Mon Feb 19 16:24:37 CET 2018 :  61 19090101 f05_5AGCMs_NASPG_sample  - start
Mon Feb 19 17:15:39 CET 2018 :  61 19090101 f05_5AGCMs_NASPG_sample  - start
Mon Feb 19 18:06:02 CET 2018 :  61 19090101 f05_5AGCMs_NASPG_sample  - start
Mon Feb 19 18:56:14 CET 2018 :  61 19090101 f05_5AGCMs_NASPG_sample  - start
Mon Feb 19 19:46:04 CET 2018 :  61 19090101 f05_5AGCMs_NASPG_sample  - start
Mon Feb 19 20:36:23 CET 2018 :  61 19080101 f05_5AGCMs_NASPG_sample  - start
Mon Feb 19 21:26:29 CET 2018 :  61 19080101 f05_5AGCMs_NASPG_sample  - start
Mon Feb 19 22:16:43 CET 2018 :  61 19080101 f05_5AGCMs_NASPG_sample  - start
Mon Feb 19 23:06:42 CET 2018 :  61 19080101 f05_5AGCMs_NASPG_sample  - start
Mon Feb 19 23:57:02 CET 2018 :  61 19080101 f05_5AGCMs_NASPG_sample  - start
Tue Feb 20 00:47:06 CET 2018 :  61 19080101 f05_5AGCMs_NASPG_sample  - start
Tue Feb 20 01:37:28 CET 2018 :  61 19080101 f05_5AGCMs_NASPG_sample  - start
Tue Feb 20 02:27:40 CET 2018 :  61 19080101 f05_5AGCMs_NASPG_sample  - start
Tue Feb 20 03:17:56 CET 2018 :  61 19080101 f05_5AGCMs_NASPG_sample  - start
Tue Feb 20 04:08:46 CET 2018 :  61 19080101 f05_5AGCMs_NASPG_sample  - start
Tue Feb 20 04:59:46 CET 2018 :  61 19080101 f05_5AGCMs_NASPG_sample  - start
Tue Feb 20 05:50:11 CET 2018 :  61 19080101 f05_5AGCMs_NASPG_sample  - start
Tue Feb 20 06:40:18 CET 2018 :  61 19080101 f05_5AGCMs_NASPG_sample  - start
Tue Feb 20 07:30:27 CET 2018 :  61 19080101 f05_5AGCMs_NASPG_sample  - start
Tue Feb 20 08:20:27 CET 2018 :  61 19080101 f05_5AGCMs_NASPG_sample  - start
Thu Feb 22 06:02:09 CET 2018 :  61 19080101 f05_5AGCMs_NASPG_sample  - start
Thu Feb 22 06:49:19 CET 2018 :  61 19090101 f05_5AGCMs_NASPG_sample  - done
Thu Feb 22 06:50:20 CET 2018 :  62 19090101 f05_5AGCMs_NASPG_sample  - start
Thu Feb 22 07:37:32 CET 2018 :  62 19100101 f05_5AGCMs_NASPG_sample  - done
Thu Feb 22 07:38:33 CET 2018 :  63 19100101 f05_5AGCMs_NASPG_sample  - start
Thu Feb 22 08:25:50 CET 2018 :  63 19110101 f05_5AGCMs_NASPG_sample  - done
Thu Feb 22 08:26:51 CET 2018 :  64 19110101 f05_5AGCMs_NASPG_sample  - start
Thu Feb 22 09:14:52 CET 2018 :  64 19120101 f05_5AGCMs_NASPG_sample  - done
Thu Feb 22 09:15:53 CET 2018 :  65 19120101 f05_5AGCMs_NASPG_sample  - start
Thu Feb 22 10:03:21 CET 2018 :  65 19130101 f05_5AGCMs_NASPG_sample  - done
Thu Feb 22 10:04:21 CET 2018 :  66 19130101 f05_5AGCMs_NASPG_sample  - start
Thu Feb 22 10:51:22 CET 2018 :  66 19140101 f05_5AGCMs_NASPG_sample  - done
Thu Feb 22 10:52:23 CET 2018 :  67 19140101 f05_5AGCMs_NASPG_sample  - start
Thu Feb 22 11:39:02 CET 2018 :  67 19150101 f05_5AGCMs_NASPG_sample  - done
Thu Feb 22 11:40:03 CET 2018 :  68 19150101 f05_5AGCMs_NASPG_sample  - start
Thu Feb 22 12:26:49 CET 2018 :  68 19160101 f05_5AGCMs_NASPG_sample  - done
Thu Feb 22 12:27:49 CET 2018 :  69 19160101 f05_5AGCMs_NASPG_sample  - start
Thu Feb 22 13:14:36 CET 2018 :  69 19170101 f05_5AGCMs_NASPG_sample  - done
Thu Feb 22 13:15:36 CET 2018 :  70 19170101 f05_5AGCMs_NASPG_sample  - start
Thu Feb 22 14:03:02 CET 2018 :  70 19180101 f05_5AGCMs_NASPG_sample  - done
Thu Feb 22 14:04:02 CET 2018 :  71 19180101 f05_5AGCMs_NASPG_sample  - start
Fri Feb 23 21:17:09 CET 2018 :  71 19180101 f05_5AGCMs_NASPG_sample  - start
Fri Feb 23 22:06:17 CET 2018 :  71 19190101 f05_5AGCMs_NASPG_sample  - done
Fri Feb 23 22:07:18 CET 2018 :  72 19190101 f05_5AGCMs_NASPG_sample  - start
Fri Feb 23 22:57:27 CET 2018 :  72 19200101 f05_5AGCMs_NASPG_sample  - done
Fri Feb 23 22:58:28 CET 2018 :  73 19200101 f05_5AGCMs_NASPG_sample  - start
Fri Feb 23 23:47:43 CET 2018 :  73 19210101 f05_5AGCMs_NASPG_sample  - done
Fri Feb 23 23:48:44 CET 2018 :  74 19210101 f05_5AGCMs_NASPG_sample  - start
Sat Feb 24 00:37:59 CET 2018 :  74 19220101 f05_5AGCMs_NASPG_sample  - done
Sat Feb 24 00:39:00 CET 2018 :  75 19220101 f05_5AGCMs_NASPG_sample  - start
Sat Feb 24 04:41:56 CET 2018 :  75 19220101 f05_5AGCMs_NASPG_sample  - start
Sat Feb 24 05:28:32 CET 2018 :  75 19230101 f05_5AGCMs_NASPG_sample  - done
Sat Feb 24 05:29:33 CET 2018 :  76 19230101 f05_5AGCMs_NASPG_sample  - start
Sat Feb 24 06:15:59 CET 2018 :  76 19240101 f05_5AGCMs_NASPG_sample  - done
Sat Feb 24 06:16:59 CET 2018 :  77 19240101 f05_5AGCMs_NASPG_sample  - start
Sat Feb 24 07:03:36 CET 2018 :  77 19250101 f05_5AGCMs_NASPG_sample  - done
Sat Feb 24 07:04:37 CET 2018 :  78 19250101 f05_5AGCMs_NASPG_sample  - start
Sat Feb 24 07:50:54 CET 2018 :  78 19260101 f05_5AGCMs_NASPG_sample  - done
Sat Feb 24 07:51:55 CET 2018 :  79 19260101 f05_5AGCMs_NASPG_sample  - start
Sat Feb 24 08:38:30 CET 2018 :  79 19270101 f05_5AGCMs_NASPG_sample  - done
Sat Feb 24 08:39:31 CET 2018 :  80 19270101 f05_5AGCMs_NASPG_sample  - start
Sun Feb 25 08:24:03 CET 2018 :  80 19270101 f05_5AGCMs_NASPG_sample  - start
Sun Feb 25 09:10:07 CET 2018 :  80 19280101 f05_5AGCMs_NASPG_sample  - done
Sun Feb 25 09:11:08 CET 2018 :  81 19280101 f05_5AGCMs_NASPG_sample  - start
Sun Feb 25 09:57:39 CET 2018 :  81 19290101 f05_5AGCMs_NASPG_sample  - done
Sun Feb 25 09:58:39 CET 2018 :  82 19290101 f05_5AGCMs_NASPG_sample  - start
Sun Feb 25 10:44:43 CET 2018 :  82 19300101 f05_5AGCMs_NASPG_sample  - done
Sun Feb 25 10:45:44 CET 2018 :  83 19300101 f05_5AGCMs_NASPG_sample  - start
Sun Feb 25 11:32:00 CET 2018 :  83 19310101 f05_5AGCMs_NASPG_sample  - done
Sun Feb 25 11:33:00 CET 2018 :  84 19310101 f05_5AGCMs_NASPG_sample  - start
Sun Feb 25 12:19:43 CET 2018 :  84 19320101 f05_5AGCMs_NASPG_sample  - done
Sun Feb 25 12:20:44 CET 2018 :  85 19320101 f05_5AGCMs_NASPG_sample  - start
Sun Feb 25 13:06:58 CET 2018 :  85 19330101 f05_5AGCMs_NASPG_sample  - done
Sun Feb 25 13:07:59 CET 2018 :  86 19330101 f05_5AGCMs_NASPG_sample  - start
Sun Feb 25 13:54:52 CET 2018 :  86 19340101 f05_5AGCMs_NASPG_sample  - done
Sun Feb 25 13:55:53 CET 2018 :  87 19340101 f05_5AGCMs_NASPG_sample  - start
Sun Feb 25 14:41:58 CET 2018 :  87 19350101 f05_5AGCMs_NASPG_sample  - done
Sun Feb 25 14:42:59 CET 2018 :  88 19350101 f05_5AGCMs_NASPG_sample  - start
Sun Feb 25 15:29:55 CET 2018 :  88 19360101 f05_5AGCMs_NASPG_sample  - done
Sun Feb 25 15:30:56 CET 2018 :  89 19360101 f05_5AGCMs_NASPG_sample  - start
Sun Feb 25 16:17:31 CET 2018 :  89 19370101 f05_5AGCMs_NASPG_sample  - done
Sun Feb 25 16:18:32 CET 2018 :  90 19370101 f05_5AGCMs_NASPG_sample  - start
Sun Feb 25 17:04:31 CET 2018 :  90 19380101 f05_5AGCMs_NASPG_sample  - done
Sun Feb 25 17:05:31 CET 2018 :  91 19380101 f05_5AGCMs_NASPG_sample  - start
Sun Feb 25 17:51:38 CET 2018 :  91 19390101 f05_5AGCMs_NASPG_sample  - done
Sun Feb 25 17:52:39 CET 2018 :  92 19390101 f05_5AGCMs_NASPG_sample  - start
Sun Feb 25 18:38:28 CET 2018 :  92 19400101 f05_5AGCMs_NASPG_sample  - done
Sun Feb 25 18:39:29 CET 2018 :  93 19400101 f05_5AGCMs_NASPG_sample  - start
Sun Feb 25 19:25:27 CET 2018 :  93 19410101 f05_5AGCMs_NASPG_sample  - done
Sun Feb 25 19:26:28 CET 2018 :  94 19410101 f05_5AGCMs_NASPG_sample  - start
Sun Feb 25 20:12:29 CET 2018 :  94 19420101 f05_5AGCMs_NASPG_sample  - done
Sun Feb 25 20:13:30 CET 2018 :  95 19420101 f05_5AGCMs_NASPG_sample  - start
Sun Feb 25 20:59:56 CET 2018 :  95 19430101 f05_5AGCMs_NASPG_sample  - done
Sun Feb 25 21:00:57 CET 2018 :  96 19430101 f05_5AGCMs_NASPG_sample  - start
Sun Feb 25 21:47:16 CET 2018 :  96 19440101 f05_5AGCMs_NASPG_sample  - done
Sun Feb 25 21:48:17 CET 2018 :  97 19440101 f05_5AGCMs_NASPG_sample  - start
Sun Feb 25 22:34:36 CET 2018 :  97 19450101 f05_5AGCMs_NASPG_sample  - done
Sun Feb 25 22:35:37 CET 2018 :  98 19450101 f05_5AGCMs_NASPG_sample  - start
Sun Feb 25 23:22:13 CET 2018 :  98 19460101 f05_5AGCMs_NASPG_sample  - done
Sun Feb 25 23:23:13 CET 2018 :  99 19460101 f05_5AGCMs_NASPG_sample  - start
Mon Feb 26 03:35:38 CET 2018 :  99 19460101 f05_5AGCMs_NASPG_sample  - start
Mon Feb 26 04:22:03 CET 2018 :  99 19470101 f05_5AGCMs_NASPG_sample  - done
Mon Feb 26 04:23:03 CET 2018 :  100 19470101 f05_5AGCMs_NASPG_sample  - start
Mon Feb 26 05:09:26 CET 2018 :  100 19480101 f05_5AGCMs_NASPG_sample  - done
Mon Feb 26 05:10:26 CET 2018 :  101 19480101 f05_5AGCMs_NASPG_sample  - start
Mon Feb 26 05:56:59 CET 2018 :  101 19490101 f05_5AGCMs_NASPG_sample  - done
Mon Feb 26 05:57:59 CET 2018 :  102 19490101 f05_5AGCMs_NASPG_sample  - start
Mon Feb 26 06:44:19 CET 2018 :  102 19500101 f05_5AGCMs_NASPG_sample  - done
Mon Feb 26 06:45:19 CET 2018 :  103 19500101 f05_5AGCMs_NASPG_sample  - start
Mon Feb 26 07:31:23 CET 2018 :  103 19510101 f05_5AGCMs_NASPG_sample  - done
Mon Feb 26 07:32:23 CET 2018 :  104 19510101 f05_5AGCMs_NASPG_sample  - start
Mon Feb 26 08:18:23 CET 2018 :  104 19520101 f05_5AGCMs_NASPG_sample  - done
Mon Feb 26 08:19:23 CET 2018 :  105 19520101 f05_5AGCMs_NASPG_sample  - start
Mon Feb 26 09:05:38 CET 2018 :  105 19530101 f05_5AGCMs_NASPG_sample  - done
Mon Feb 26 09:06:39 CET 2018 :  106 19530101 f05_5AGCMs_NASPG_sample  - start
Mon Feb 26 09:52:49 CET 2018 :  106 19540101 f05_5AGCMs_NASPG_sample  - done
Mon Feb 26 09:53:50 CET 2018 :  107 19540101 f05_5AGCMs_NASPG_sample  - start
Tue Feb 27 16:26:08 CET 2018 :  107 19540101 f05_5AGCMs_NASPG_sample  - start
Tue Feb 27 17:12:11 CET 2018 :  107 19550101 f05_5AGCMs_NASPG_sample  - done
Tue Feb 27 17:13:12 CET 2018 :  108 19550101 f05_5AGCMs_NASPG_sample  - start
Tue Feb 27 18:00:09 CET 2018 :  108 19560101 f05_5AGCMs_NASPG_sample  - done
Tue Feb 27 18:01:10 CET 2018 :  109 19560101 f05_5AGCMs_NASPG_sample  - start
Tue Feb 27 18:48:05 CET 2018 :  109 19570101 f05_5AGCMs_NASPG_sample  - done
Tue Feb 27 18:49:06 CET 2018 :  110 19570101 f05_5AGCMs_NASPG_sample  - start
Tue Feb 27 19:35:39 CET 2018 :  110 19580101 f05_5AGCMs_NASPG_sample  - done
Tue Feb 27 19:36:40 CET 2018 :  111 19580101 f05_5AGCMs_NASPG_sample  - start
Tue Feb 27 20:22:40 CET 2018 :  111 19590101 f05_5AGCMs_NASPG_sample  - done
Tue Feb 27 20:23:41 CET 2018 :  112 19590101 f05_5AGCMs_NASPG_sample  - start
Tue Feb 27 21:09:57 CET 2018 :  112 19600101 f05_5AGCMs_NASPG_sample  - done
Tue Feb 27 21:10:58 CET 2018 :  113 19600101 f05_5AGCMs_NASPG_sample  - start
Tue Feb 27 22:20:35 CET 2018 :  113 19610101 f05_5AGCMs_NASPG_sample  - done
Tue Feb 27 22:21:36 CET 2018 :  114 19610101 f05_5AGCMs_NASPG_sample  - start
Sat Mar 03 19:46:18 CET 2018 :  114 19610101 f05_5AGCMs_NASPG_sample  - start
Sat Mar 03 20:33:46 CET 2018 :  114 19620101 f05_5AGCMs_NASPG_sample  - done
Sat Mar 03 20:34:47 CET 2018 :  115 19620101 f05_5AGCMs_NASPG_sample  - start
Sat Mar 03 21:21:21 CET 2018 :  115 19630101 f05_5AGCMs_NASPG_sample  - done
Sat Mar 03 21:22:22 CET 2018 :  116 19630101 f05_5AGCMs_NASPG_sample  - start
Sat Mar 03 22:09:13 CET 2018 :  116 19640101 f05_5AGCMs_NASPG_sample  - done
Sat Mar 03 22:10:14 CET 2018 :  117 19640101 f05_5AGCMs_NASPG_sample  - start
Sat Mar 03 22:56:46 CET 2018 :  117 19650101 f05_5AGCMs_NASPG_sample  - done
Sat Mar 03 22:57:46 CET 2018 :  118 19650101 f05_5AGCMs_NASPG_sample  - start
Tue Mar 06 09:12:21 CET 2018 :  118 19650101 f05_5AGCMs_NASPG_sample  - start
Tue Mar 06 09:59:03 CET 2018 :  118 19660101 f05_5AGCMs_NASPG_sample  - done
Tue Mar 06 10:00:04 CET 2018 :  119 19660101 f05_5AGCMs_NASPG_sample  - start
Tue Mar 06 10:47:01 CET 2018 :  119 19670101 f05_5AGCMs_NASPG_sample  - done
Tue Mar 06 10:48:01 CET 2018 :  120 19670101 f05_5AGCMs_NASPG_sample  - start
Tue Mar 06 11:34:25 CET 2018 :  120 19680101 f05_5AGCMs_NASPG_sample  - done
Tue Mar 06 11:35:26 CET 2018 :  121 19680101 f05_5AGCMs_NASPG_sample  - start
Tue Mar 06 12:21:47 CET 2018 :  121 19690101 f05_5AGCMs_NASPG_sample  - done
Tue Mar 06 12:22:47 CET 2018 :  122 19690101 f05_5AGCMs_NASPG_sample  - start
Tue Mar 06 13:09:44 CET 2018 :  122 19700101 f05_5AGCMs_NASPG_sample  - done
Tue Mar 06 13:10:45 CET 2018 :  123 19700101 f05_5AGCMs_NASPG_sample  - start
